Log file open, 04/27/20 16:10:46
LogWindows: Failed to load 'aqProf.dll' (GetLastError=126)
LogWindows: File 'aqProf.dll' does not exist
LogWindows: Failed to load 'VtuneApi.dll' (GetLastError=126)
LogWindows: File 'VtuneApi.dll' does not exist
LogWindows: Failed to load 'VtuneApi32e.dll' (GetLastError=126)
LogWindows: File 'VtuneApi32e.dll' does not exist
LogConsoleResponse: Display: Failed to find resolution value strings in scalability ini. Falling back to default.
LogInit: Display: Running engine for game: Linne_Afry_SBK
LogPlatformFile: Not using cached read wrapper
LogTaskGraph: Started task graph with 5 named threads and 35 total threads with 3 sets of task threads.
LogStats: Stats thread started at 0.090497
LogD3D11RHI: Loaded GFSDK_Aftermath_Lib.x64.dll
LogICUInternationalization: ICU TimeZone Detection - Raw Offset: +1:00, Platform Override: ''
LogPluginManager: Mounting plugin Paper2D
LogPluginManager: Mounting plugin AISupport
LogPluginManager: Mounting plugin LiveLink
LogPluginManager: Mounting plugin LightPropagationVolume
LogPluginManager: Mounting plugin ActorLayerUtilities
LogPluginManager: Mounting plugin AnimationSharing
LogPluginManager: Mounting plugin CLionSourceCodeAccess
LogPluginManager: Mounting plugin CodeLiteSourceCodeAccess
LogPluginManager: Mounting plugin GitSourceControl
LogPluginManager: Mounting plugin KDevelopSourceCodeAccess
LogPluginManager: Mounting plugin NullSourceCodeAccess
LogPluginManager: Mounting plugin PerforceSourceControl
LogPluginManager: Mounting plugin PlasticSourceControl
LogPluginManager: Mounting plugin SubversionSourceControl
LogPluginManager: Mounting plugin UObjectPlugin
LogPluginManager: Mounting plugin VisualStudioCodeSourceCodeAccess
LogPluginManager: Mounting plugin VisualStudioSourceCodeAccess
LogPluginManager: Mounting plugin XCodeSourceCodeAccess
LogPluginManager: Mounting plugin AssetManagerEditor
LogPluginManager: Mounting plugin CryptoKeys
LogPluginManager: Mounting plugin CurveEditorTools
LogPluginManager: Mounting plugin DataValidation
LogPluginManager: Mounting plugin FacialAnimation
LogPluginManager: Mounting plugin GameplayTagsEditor
LogPluginManager: Mounting plugin MacGraphicsSwitching
LogPluginManager: Mounting plugin MaterialAnalyzer
LogPluginManager: Mounting plugin MobileLauncherProfileWizard
LogPluginManager: Mounting plugin PluginBrowser
LogPluginManager: Mounting plugin SpeedTreeImporter
LogPluginManager: Mounting plugin DatasmithContent
LogPluginManager: Mounting plugin VariantManagerContent
LogPluginManager: Mounting plugin AlembicImporter
LogPluginManager: Mounting plugin AutomationUtils
LogPluginManager: Mounting plugin BackChannel
LogPluginManager: Mounting plugin CharacterAI
LogPluginManager: Mounting plugin GeometryCache
LogPluginManager: Mounting plugin PlatformCrypto
LogPluginManager: Mounting plugin ProxyLODPlugin
LogPluginManager: Mounting plugin SkeletalReduction
LogPluginManager: Mounting plugin MagicLeap
LogPluginManager: Mounting plugin MagicLeapMedia
LogPluginManager: Mounting plugin MLSDK
LogPluginManager: Mounting plugin AndroidMedia
LogPluginManager: Mounting plugin AvfMedia
LogPluginManager: Mounting plugin ImgMedia
LogPluginManager: Mounting plugin MediaCompositing
LogPluginManager: Mounting plugin MediaPlayerEditor
LogPluginManager: Mounting plugin WebMMedia
LogPluginManager: Mounting plugin WmfMedia
LogPluginManager: Mounting plugin TcpMessaging
LogPluginManager: Mounting plugin UdpMessaging
LogPluginManager: Mounting plugin ActorSequence
LogPluginManager: Mounting plugin LevelSequenceEditor
LogPluginManager: Mounting plugin MatineeToLevelSequence
LogPluginManager: Mounting plugin NetcodeUnitTest
LogPluginManager: Mounting plugin NUTUnrealEngine4
LogPluginManager: Mounting plugin OnlineSubsystemGooglePlay
LogPluginManager: Mounting plugin OnlineSubsystemIOS
LogPluginManager: Mounting plugin OnlineSubsystem
LogPluginManager: Mounting plugin OnlineSubsystemNull
LogPluginManager: Mounting plugin OnlineSubsystemUtils
LogPluginManager: Mounting plugin LauncherChunkInstaller
LogPluginManager: Mounting plugin AndroidDeviceProfileSelector
LogPluginManager: Mounting plugin AndroidMoviePlayer
LogPluginManager: Mounting plugin AndroidPermission
LogPluginManager: Mounting plugin AppleImageUtils
LogPluginManager: Mounting plugin AppleMoviePlayer
LogPluginManager: Mounting plugin HoloLensAR
LogPluginManager: Mounting plugin ArchVisCharacter
LogPluginManager: Mounting plugin AssetTags
LogPluginManager: Mounting plugin AudioCapture
LogPluginManager: Mounting plugin CableComponent
LogPluginManager: Mounting plugin CustomMeshComponent
LogPluginManager: Mounting plugin EditableMesh
LogPluginManager: Mounting plugin ExampleDeviceProfileSelector
LogPluginManager: Mounting plugin GoogleCloudMessaging
LogPluginManager: Mounting plugin IOSDeviceProfileSelector
LogPluginManager: Mounting plugin LinuxDeviceProfileSelector
LogPluginManager: Mounting plugin LocationServicesBPLibrary
LogPluginManager: Mounting plugin MobilePatchingUtils
LogPluginManager: Mounting plugin OculusVR
LogPluginManager: Mounting plugin PhysXVehicles
LogPluginManager: Mounting plugin PostSplashScreen
LogPluginManager: Mounting plugin ProceduralMeshComponent
LogPluginManager: Mounting plugin RuntimePhysXCooking
LogPluginManager: Mounting plugin SignificanceManager
LogPluginManager: Mounting plugin SteamVR
LogPluginManager: Mounting plugin WebMMoviePlayer
LogPluginManager: Mounting plugin WindowsMixedReality
LogPluginManager: Mounting plugin WindowsMoviePlayer
LogPluginManager: Mounting plugin ScreenshotTools
LogPluginManager: Mounting plugin Takes
LogInit: Using libcurl 7.55.1-DEV
LogInit:  - built for x86_64-pc-win32
LogInit:  - supports SSL with OpenSSL/1.1.1
LogInit:  - supports HTTP deflate (compression) using libz 1.2.8
LogInit:  - other features:
LogInit:      CURL_VERSION_SSL
LogInit:      CURL_VERSION_LIBZ
LogInit:      CURL_VERSION_IPV6
LogInit:      CURL_VERSION_ASYNCHDNS
LogInit:      CURL_VERSION_LARGEFILE
LogInit:      CURL_VERSION_IDN
LogInit:  CurlRequestOptions (configurable via config and command line):
LogInit:  - bVerifyPeer = true  - Libcurl will verify peer certificate
LogInit:  - bUseHttpProxy = false  - Libcurl will NOT use HTTP proxy
LogInit:  - bDontReuseConnections = false  - Libcurl will reuse connections
LogInit:  - MaxHostConnections = 16  - Libcurl will limit the number of connections to a host
LogInit:  - LocalHostAddr = Default
LogInit:  - BufferSize = 65536
LogOnline: OSS: Creating online subsystem instance for: NULL
LogInit: WinSock: version 1.1 (2.2), MaxSocks=32767, MaxUdp=65467
LogOnline: OSS: TryLoadSubsystemAndSetDefault: Loaded subsystem for module [NULL]
LogInit: Build: ++UE4+Release-4.24-CL-11590370
LogInit: Engine Version: 4.24.3-11590370+++UE4+Release-4.24
LogInit: Compatible Engine Version: 4.24.0-10570792+++UE4+Release-4.24
LogInit: Net CL: 10570792
LogInit: OS: Windows 10 (Release 1909) (), CPU: Intel(R) Core(TM) i7-8850H CPU @ 2.60GHz, GPU: Intel(R) UHD Graphics 630
LogInit: Compiled (64-bit): Feb 24 2020 15:39:18
LogInit: Compiled with Visual C++: 19.16.27032.01
LogInit: Build Configuration: Development
LogInit: Branch Name: ++UE4+Release-4.24
LogInit: Command Line: 
LogInit: Base Directory: C:/Program Files/Epic Games/UE_4.24/Engine/Binaries/Win64/
LogInit: Installed Engine Build: 1
LogDevObjectVersion: Number of dev versions registered: 25
LogDevObjectVersion:   Dev-Blueprints (B0D832E4-1F89-4F0D-ACCF-7EB736FD4AA2): 10
LogDevObjectVersion:   Dev-Build (E1C64328-A22C-4D53-A36C-8E866417BD8C): 0
LogDevObjectVersion:   Dev-Core (375EC13C-06E4-48FB-B500-84F0262A717E): 3
LogDevObjectVersion:   Dev-Editor (E4B068ED-F494-42E9-A231-DA0B2E46BB41): 37
LogDevObjectVersion:   Dev-Framework (CFFC743F-43B0-4480-9391-14DF171D2073): 36
LogDevObjectVersion:   Dev-Mobile (B02B49B5-BB20-44E9-A304-32B752E40360): 2
LogDevObjectVersion:   Dev-Networking (A4E4105C-59A1-49B5-A7C5-40C4547EDFEE): 0
LogDevObjectVersion:   Dev-Online (39C831C9-5AE6-47DC-9A44-9C173E1C8E7C): 0
LogDevObjectVersion:   Dev-Physics (78F01B33-EBEA-4F98-B9B4-84EACCB95AA2): 2
LogDevObjectVersion:   Dev-Platform (6631380F-2D4D-43E0-8009-CF276956A95A): 0
LogDevObjectVersion:   Dev-Rendering (12F88B9F-8875-4AFC-A67C-D90C383ABD29): 36
LogDevObjectVersion:   Dev-Sequencer (7B5AE74C-D270-4C10-A958-57980B212A5A): 11
LogDevObjectVersion:   Dev-VR (D7296918-1DD6-4BDD-9DE2-64A83CC13884): 2
LogDevObjectVersion:   Dev-LoadTimes (C2A15278-BFE7-4AFE-6C17-90FF531DF755): 1
LogDevObjectVersion:   Private-Geometry (6EACA3D4-40EC-4CC1-B786-8BED09428FC5): 3
LogDevObjectVersion:   Dev-AnimPhys (29E575DD-E0A3-4627-9D10-D276232CDCEA): 17
LogDevObjectVersion:   Dev-Anim (AF43A65D-7FD3-4947-9873-3E8ED9C1BB05): 2
LogDevObjectVersion:   Dev-ReflectionCapture (6B266CEC-1EC7-4B8F-A30B-E4D90942FC07): 1
LogDevObjectVersion:   Dev-Automation (0DF73D61-A23F-47EA-B727-89E90C41499A): 1
LogDevObjectVersion:   FortniteMain (601D1886-AC64-4F84-AA16-D3DE0DEAC7D6): 31
LogDevObjectVersion:   Dev-Enterprise (9DFFBCD6-494F-0158-E221-12823C92A888): 8
LogDevObjectVersion:   Dev-Niagara (F2AED0AC-9AFE-416F-8664-AA7FFA26D6FC): 1
LogDevObjectVersion:   Dev-Destruction (174F1F0B-B4C6-45A5-B13F-2EE8D0FB917D): 9
LogDevObjectVersion:   Dev-Physics-Ext (35F94A83-E258-406C-A318-09F59610247C): 8
LogDevObjectVersion:   Dev-CineCamera (B2E18506-4273-CFC2-A54E-F4BB758BBA07): 1
LogInit: Presizing for max 25165824 objects, including 0 objects not considered by GC, pre-allocating 0 bytes for permanent pool.
LogInit: Object subsystem initialized
LogConfig: Setting CVar [[con.DebugEarlyDefault:1]]
LogConfig: Setting CVar [[r.setres:1280x720]]
[2020.04.27-14.10.46:337][  0]LogConfig: Setting CVar [[r.VSync:0]]
[2020.04.27-14.10.46:337][  0]LogConfig: Setting CVar [[r.RHICmdBypass:0]]
[2020.04.27-14.10.46:337][  0]LogConfig: Applying CVar settings from Section [/Script/Engine.RendererSettings] File [C:/Users/default.DESKTOP-VBSPCLE/Documents/GitHub/UnrealProjectVGL/Saved/Config/Windows/Engine.ini]
[2020.04.27-14.10.46:337][  0]LogConfig: Setting CVar [[r.GPUCrashDebugging:0]]
[2020.04.27-14.10.46:337][  0]LogConfig: Applying CVar settings from Section [/Script/Engine.RendererOverrideSettings] File [C:/Users/default.DESKTOP-VBSPCLE/Documents/GitHub/UnrealProjectVGL/Saved/Config/Windows/Engine.ini]
[2020.04.27-14.10.46:338][  0]LogConfig: Applying CVar settings from Section [/Script/Engine.StreamingSettings] File [C:/Users/default.DESKTOP-VBSPCLE/Documents/GitHub/UnrealProjectVGL/Saved/Config/Windows/Engine.ini]
[2020.04.27-14.10.46:338][  0]LogConfig: Setting CVar [[s.MinBulkDataSizeForAsyncLoading:131072]]
[2020.04.27-14.10.46:338][  0]LogConfig: Setting CVar [[s.AsyncLoadingThreadEnabled:0]]
[2020.04.27-14.10.46:338][  0]LogConfig: Setting CVar [[s.EventDrivenLoaderEnabled:1]]
[2020.04.27-14.10.46:338][  0]LogConfig: Setting CVar [[s.WarnIfTimeLimitExceeded:0]]
[2020.04.27-14.10.46:338][  0]LogConfig: Setting CVar [[s.TimeLimitExceededMultiplier:1.5]]
[2020.04.27-14.10.46:338][  0]LogConfig: Setting CVar [[s.TimeLimitExceededMinTime:0.005]]
[2020.04.27-14.10.46:338][  0]LogConfig: Setting CVar [[s.UseBackgroundLevelStreaming:1]]
[2020.04.27-14.10.46:338][  0]LogConfig: Setting CVar [[s.PriorityAsyncLoadingExtraTime:15.0]]
[2020.04.27-14.10.46:338][  0]LogConfig: Setting CVar [[s.LevelStreamingActorsUpdateTimeLimit:5.0]]
[2020.04.27-14.10.46:338][  0]LogConfig: Setting CVar [[s.PriorityLevelStreamingActorsUpdateExtraTime:5.0]]
[2020.04.27-14.10.46:338][  0]LogConfig: Setting CVar [[s.LevelStreamingComponentsRegistrationGranularity:10]]
[2020.04.27-14.10.46:338][  0]LogConfig: Setting CVar [[s.UnregisterComponentsTimeLimit:1.0]]
[2020.04.27-14.10.46:338][  0]LogConfig: Setting CVar [[s.LevelStreamingComponentsUnregistrationGranularity:5]]
[2020.04.27-14.10.46:338][  0]LogConfig: Setting CVar [[s.FlushStreamingOnExit:1]]
[2020.04.27-14.10.46:338][  0]LogConfig: Applying CVar settings from Section [/Script/Engine.GarbageCollectionSettings] File [C:/Users/default.DESKTOP-VBSPCLE/Documents/GitHub/UnrealProjectVGL/Saved/Config/Windows/Engine.ini]
[2020.04.27-14.10.46:338][  0]LogConfig: Setting CVar [[gc.MaxObjectsNotConsideredByGC:1]]
[2020.04.27-14.10.46:338][  0]LogConfig: Setting CVar [[gc.SizeOfPermanentObjectPool:0]]
[2020.04.27-14.10.46:338][  0]LogConfig: Setting CVar [[gc.FlushStreamingOnGC:0]]
[2020.04.27-14.10.46:338][  0]LogConfig: Setting CVar [[gc.NumRetriesBeforeForcingGC:10]]
[2020.04.27-14.10.46:338][  0]LogConfig: Setting CVar [[gc.AllowParallelGC:1]]
[2020.04.27-14.10.46:338][  0]LogConfig: Setting CVar [[gc.TimeBetweenPurgingPendingKillObjects:61.1]]
[2020.04.27-14.10.46:338][  0]LogConfig: Setting CVar [[gc.MaxObjectsInEditor:25165824]]
[2020.04.27-14.10.46:338][  0]LogConfig: Setting CVar [[gc.IncrementalBeginDestroyEnabled:1]]
[2020.04.27-14.10.46:338][  0]LogConfig: Setting CVar [[gc.CreateGCClusters:1]]
[2020.04.27-14.10.46:338][  0]LogConfig: Setting CVar [[gc.MinGCClusterSize:5]]
[2020.04.27-14.10.46:339][  0]LogConfig: Setting CVar [[gc.ActorClusteringEnabled:0]]
[2020.04.27-14.10.46:339][  0]LogConfig: Setting CVar [[gc.BlueprintClusteringEnabled:0]]
[2020.04.27-14.10.46:339][  0]LogConfig: Setting CVar [[gc.UseDisregardForGCOnDedicatedServers:0]]
[2020.04.27-14.10.46:339][  0]LogConfig: Applying CVar settings from Section [/Script/Engine.NetworkSettings] File [C:/Users/default.DESKTOP-VBSPCLE/Documents/GitHub/UnrealProjectVGL/Saved/Config/Windows/Engine.ini]
[2020.04.27-14.10.46:339][  0]LogConfig: Applying CVar settings from Section [/Script/UnrealEd.CookerSettings] File [C:/Users/default.DESKTOP-VBSPCLE/Documents/GitHub/UnrealProjectVGL/Saved/Config/Windows/Engine.ini]
[2020.04.27-14.10.46:352][  0]LogConfig: Applying CVar settings from Section [ViewDistanceQuality@3] File [C:/Users/default.DESKTOP-VBSPCLE/Documents/GitHub/UnrealProjectVGL/Saved/Config/Windows/Scalability.ini]
[2020.04.27-14.10.46:352][  0]LogConfig: Setting CVar [[r.SkeletalMeshLODBias:0]]
[2020.04.27-14.10.46:352][  0]LogConfig: Setting CVar [[r.ViewDistanceScale:1.0]]
[2020.04.27-14.10.46:352][  0]LogConfig: Applying CVar settings from Section [AntiAliasingQuality@3] File [C:/Users/default.DESKTOP-VBSPCLE/Documents/GitHub/UnrealProjectVGL/Saved/Config/Windows/Scalability.ini]
[2020.04.27-14.10.46:352][  0]LogConfig: Setting CVar [[r.PostProcessAAQuality:4]]
[2020.04.27-14.10.46:352][  0]LogConfig: Applying CVar settings from Section [ShadowQuality@3] File [C:/Users/default.DESKTOP-VBSPCLE/Documents/GitHub/UnrealProjectVGL/Saved/Config/Windows/Scalability.ini]
[2020.04.27-14.10.46:352][  0]LogConfig: Setting CVar [[r.LightFunctionQuality:1]]
[2020.04.27-14.10.46:352][  0]LogConfig: Setting CVar [[r.ShadowQuality:5]]
[2020.04.27-14.10.46:352][  0]LogConfig: Setting CVar [[r.Shadow.CSM.MaxCascades:10]]
[2020.04.27-14.10.46:352][  0]LogConfig: Setting CVar [[r.Shadow.MaxResolution:2048]]
[2020.04.27-14.10.46:352][  0]LogConfig: Setting CVar [[r.Shadow.MaxCSMResolution:2048]]
[2020.04.27-14.10.46:352][  0]LogConfig: Setting CVar [[r.Shadow.RadiusThreshold:0.01]]
[2020.04.27-14.10.46:352][  0]LogConfig: Setting CVar [[r.Shadow.DistanceScale:1.0]]
[2020.04.27-14.10.46:352][  0]LogConfig: Setting CVar [[r.Shadow.CSM.TransitionScale:1.0]]
[2020.04.27-14.10.46:352][  0]LogConfig: Setting CVar [[r.Shadow.PreShadowResolutionFactor:1.0]]
[2020.04.27-14.10.46:352][  0]LogConfig: Setting CVar [[r.DistanceFieldShadowing:1]]
[2020.04.27-14.10.46:352][  0]LogConfig: Setting CVar [[r.DistanceFieldAO:1]]
[2020.04.27-14.10.46:352][  0]LogConfig: Setting CVar [[r.AOQuality:2]]
[2020.04.27-14.10.46:352][  0]LogConfig: Setting CVar [[r.VolumetricFog:1]]
[2020.04.27-14.10.46:353][  0]LogConfig: Setting CVar [[r.VolumetricFog.GridPixelSize:8]]
[2020.04.27-14.10.46:353][  0]LogConfig: Setting CVar [[r.VolumetricFog.GridSizeZ:128]]
[2020.04.27-14.10.46:353][  0]LogConfig: Setting CVar [[r.VolumetricFog.HistoryMissSupersampleCount:4]]
[2020.04.27-14.10.46:353][  0]LogConfig: Setting CVar [[r.LightMaxDrawDistanceScale:1]]
[2020.04.27-14.10.46:353][  0]LogConfig: Setting CVar [[r.CapsuleShadows:1]]
[2020.04.27-14.10.46:353][  0]LogConfig: Applying CVar settings from Section [PostProcessQuality@3] File [C:/Users/default.DESKTOP-VBSPCLE/Documents/GitHub/UnrealProjectVGL/Saved/Config/Windows/Scalability.ini]
[2020.04.27-14.10.46:353][  0]LogConfig: Setting CVar [[r.MotionBlurQuality:4]]
[2020.04.27-14.10.46:353][  0]LogConfig: Setting CVar [[r.AmbientOcclusionMipLevelFactor:0.4]]
[2020.04.27-14.10.46:353][  0]LogConfig: Setting CVar [[r.AmbientOcclusionMaxQuality:100]]
[2020.04.27-14.10.46:353][  0]LogConfig: Setting CVar [[r.AmbientOcclusionLevels:-1]]
[2020.04.27-14.10.46:353][  0]LogConfig: Setting CVar [[r.AmbientOcclusionRadiusScale:1.0]]
[2020.04.27-14.10.46:353][  0]LogConfig: Setting CVar [[r.DepthOfFieldQuality:2]]
[2020.04.27-14.10.46:354][  0]LogConfig: Setting CVar [[r.RenderTargetPoolMin:400]]
[2020.04.27-14.10.46:354][  0]LogConfig: Setting CVar [[r.LensFlareQuality:2]]
[2020.04.27-14.10.46:354][  0]LogConfig: Setting CVar [[r.SceneColorFringeQuality:1]]
[2020.04.27-14.10.46:354][  0]LogConfig: Setting CVar [[r.EyeAdaptationQuality:2]]
[2020.04.27-14.10.46:354][  0]LogConfig: Setting CVar [[r.BloomQuality:5]]
[2020.04.27-14.10.46:354][  0]LogConfig: Setting CVar [[r.FastBlurThreshold:100]]
[2020.04.27-14.10.46:354][  0]LogConfig: Setting CVar [[r.Upscale.Quality:3]]
[2020.04.27-14.10.46:354][  0]LogConfig: Setting CVar [[r.Tonemapper.GrainQuantization:1]]
[2020.04.27-14.10.46:354][  0]LogConfig: Setting CVar [[r.LightShaftQuality:1]]
[2020.04.27-14.10.46:354][  0]LogConfig: Setting CVar [[r.Filter.SizeScale:1]]
[2020.04.27-14.10.46:354][  0]LogConfig: Setting CVar [[r.Tonemapper.Quality:5]]
[2020.04.27-14.10.46:354][  0]LogConfig: Setting CVar [[r.DOF.Gather.AccumulatorQuality:1        ; higher gathering accumulator quality]]
[2020.04.27-14.10.46:354][  0]LogConfig: Setting CVar [[r.DOF.Gather.PostfilterMethod:1          ; Median3x3 postfilering method]]
[2020.04.27-14.10.46:354][  0]LogConfig: Setting CVar [[r.DOF.Gather.EnableBokehSettings:0       ; no bokeh simulation when gathering]]
[2020.04.27-14.10.46:354][  0]LogConfig: Setting CVar [[r.DOF.Gather.RingCount:4                 ; medium number of samples when gathering]]
[2020.04.27-14.10.46:354][  0]LogConfig: Setting CVar [[r.DOF.Scatter.ForegroundCompositing:1    ; additive foreground scattering]]
[2020.04.27-14.10.46:354][  0]LogConfig: Setting CVar [[r.DOF.Scatter.BackgroundCompositing:2    ; additive background scattering]]
[2020.04.27-14.10.46:354][  0]LogConfig: Setting CVar [[r.DOF.Scatter.EnableBokehSettings:1      ; bokeh simulation when scattering]]
[2020.04.27-14.10.46:354][  0]LogConfig: Setting CVar [[r.DOF.Scatter.MaxSpriteRatio:0.1         ; only a maximum of 10% of scattered bokeh]]
[2020.04.27-14.10.46:354][  0]LogConfig: Setting CVar [[r.DOF.Recombine.Quality:1                ; cheap slight out of focus]]
[2020.04.27-14.10.46:354][  0]LogConfig: Setting CVar [[r.DOF.Recombine.EnableBokehSettings:0    ; no bokeh simulation on slight out of focus]]
[2020.04.27-14.10.46:354][  0]LogConfig: Setting CVar [[r.DOF.TemporalAAQuality:1                ; more stable temporal accumulation]]
[2020.04.27-14.10.46:354][  0]LogConfig: Setting CVar [[r.DOF.Kernel.MaxForegroundRadius:0.025]]
[2020.04.27-14.10.46:354][  0]LogConfig: Setting CVar [[r.DOF.Kernel.MaxBackgroundRadius:0.025]]
[2020.04.27-14.10.46:354][  0]LogConfig: Applying CVar settings from Section [TextureQuality@3] File [C:/Users/default.DESKTOP-VBSPCLE/Documents/GitHub/UnrealProjectVGL/Saved/Config/Windows/Scalability.ini]
[2020.04.27-14.10.46:355][  0]LogConfig: Setting CVar [[r.Streaming.MipBias:0]]
[2020.04.27-14.10.46:355][  0]LogConfig: Setting CVar [[r.Streaming.AmortizeCPUToGPUCopy:0]]
[2020.04.27-14.10.46:355][  0]LogConfig: Setting CVar [[r.Streaming.MaxNumTexturesToStreamPerFrame:0]]
[2020.04.27-14.10.46:355][  0]LogConfig: Setting CVar [[r.Streaming.Boost:1]]
[2020.04.27-14.10.46:355][  0]LogConfig: Setting CVar [[r.MaxAnisotropy:8]]
[2020.04.27-14.10.46:355][  0]LogConfig: Setting CVar [[r.VT.MaxAnisotropy:8]]
[2020.04.27-14.10.46:355][  0]LogConfig: Setting CVar [[r.Streaming.LimitPoolSizeToVRAM:0]]
[2020.04.27-14.10.46:355][  0]LogConfig: Setting CVar [[r.Streaming.PoolSize:1000]]
[2020.04.27-14.10.46:355][  0]LogConfig: Setting CVar [[r.Streaming.MaxEffectiveScreenSize:0]]
[2020.04.27-14.10.46:355][  0]LogConfig: Applying CVar settings from Section [EffectsQuality@3] File [C:/Users/default.DESKTOP-VBSPCLE/Documents/GitHub/UnrealProjectVGL/Saved/Config/Windows/Scalability.ini]
[2020.04.27-14.10.46:355][  0]LogConfig: Setting CVar [[r.TranslucencyLightingVolumeDim:64]]
[2020.04.27-14.10.46:355][  0]LogConfig: Setting CVar [[r.RefractionQuality:2]]
[2020.04.27-14.10.46:355][  0]LogConfig: Setting CVar [[r.SSR.Quality:3]]
[2020.04.27-14.10.46:355][  0]LogConfig: Setting CVar [[r.SSR.HalfResSceneColor:0]]
[2020.04.27-14.10.46:355][  0]LogConfig: Setting CVar [[r.SceneColorFormat:4]]
[2020.04.27-14.10.46:355][  0]LogConfig: Setting CVar [[r.DetailMode:2]]
[2020.04.27-14.10.46:355][  0]LogConfig: Setting CVar [[r.TranslucencyVolumeBlur:1]]
[2020.04.27-14.10.46:355][  0]LogConfig: Setting CVar [[r.MaterialQualityLevel:1 ; High quality]]
[2020.04.27-14.10.46:355][  0]LogConfig: Setting CVar [[r.SSS.Scale:1]]
[2020.04.27-14.10.46:355][  0]LogConfig: Setting CVar [[r.SSS.SampleSet:2]]
[2020.04.27-14.10.46:355][  0]LogConfig: Setting CVar [[r.SSS.Quality:1]]
[2020.04.27-14.10.46:355][  0]LogConfig: Setting CVar [[r.SSS.HalfRes:1]]
[2020.04.27-14.10.46:355][  0]LogConfig: Setting CVar [[r.SSGI.Quality:3]]
[2020.04.27-14.10.46:356][  0]LogConfig: Setting CVar [[r.EmitterSpawnRateScale:1.0]]
[2020.04.27-14.10.46:356][  0]LogConfig: Setting CVar [[r.ParticleLightQuality:2]]
[2020.04.27-14.10.46:356][  0]LogConfig: Setting CVar [[r.SkyAtmosphere.AerialPerspectiveLUT.FastApplyOnOpaque:1 ; Always have FastSkyLUT 1 in this case to avoid wrong sky]]
[2020.04.27-14.10.46:356][  0]LogConfig: Setting CVar [[r.SkyAtmosphere.AerialPerspectiveLUT.SampleCountPerSlice:1]]
[2020.04.27-14.10.46:356][  0]LogConfig: Setting CVar [[r.SkyAtmosphere.AerialPerspectiveLUT.DepthResolution:16.0]]
[2020.04.27-14.10.46:356][  0]LogConfig: Setting CVar [[r.SkyAtmosphere.FastSkyLUT:1]]
[2020.04.27-14.10.46:356][  0]LogConfig: Setting CVar [[r.SkyAtmosphere.FastSkyLUT.SampleCountMin:4.0]]
[2020.04.27-14.10.46:356][  0]LogConfig: Setting CVar [[r.SkyAtmosphere.FastSkyLUT.SampleCountMax:32.0]]
[2020.04.27-14.10.46:356][  0]LogConfig: Setting CVar [[r.SkyAtmosphere.SampleCountMin:4.0]]
[2020.04.27-14.10.46:356][  0]LogConfig: Setting CVar [[r.SkyAtmosphere.SampleCountMax:32.0]]
[2020.04.27-14.10.46:356][  0]LogConfig: Setting CVar [[r.SkyAtmosphere.TransmittanceLUT.UseSmallFormat:0]]
[2020.04.27-14.10.46:356][  0]LogConfig: Setting CVar [[r.SkyAtmosphere.TransmittanceLUT.SampleCount:10.0]]
[2020.04.27-14.10.46:356][  0]LogConfig: Setting CVar [[r.SkyAtmosphere.MultiScatteringLUT.SampleCount:15.0]]
[2020.04.27-14.10.46:356][  0]LogConfig: Applying CVar settings from Section [FoliageQuality@3] File [C:/Users/default.DESKTOP-VBSPCLE/Documents/GitHub/UnrealProjectVGL/Saved/Config/Windows/Scalability.ini]
[2020.04.27-14.10.46:356][  0]LogConfig: Setting CVar [[foliage.DensityScale:1.0]]
[2020.04.27-14.10.46:356][  0]LogConfig: Setting CVar [[grass.DensityScale:1.0]]
[2020.04.27-14.10.46:356][  0]LogConfig: Applying CVar settings from Section [ShadingQuality@3] File [C:/Users/default.DESKTOP-VBSPCLE/Documents/GitHub/UnrealProjectVGL/Saved/Config/Windows/Scalability.ini]
[2020.04.27-14.10.46:356][  0]LogConfig: Setting CVar [[r.HairStrands.SkyLighting.SampleCount:16]]
[2020.04.27-14.10.46:356][  0]LogConfig: Setting CVar [[r.HairStrands.SkyLighting.JitterIntegration:0]]
[2020.04.27-14.10.46:356][  0]LogConfig: Setting CVar [[r.HairStrands.SkyAO.SampleCount:16]]
[2020.04.27-14.10.46:357][  0]LogInit: Selected Device Profile: [Windows]
[2020.04.27-14.10.46:357][  0]LogInit: Applying CVar settings loaded from the selected device profile: [Windows]
[2020.04.27-14.10.46:363][  0]LogHAL: Display: Platform has ~ 16 GB [16976625664 / 17179869184 / 16], which maps to Larger [LargestMinGB=32, LargerMinGB=12, DefaultMinGB=8, SmallerMinGB=6, SmallestMinGB=0)
[2020.04.27-14.10.46:363][  0]LogInit: Going up to parent DeviceProfile []
[2020.04.27-14.10.46:363][  0]LogConfig: Applying CVar settings from Section [ViewDistanceQuality@3] File [C:/Users/default.DESKTOP-VBSPCLE/Documents/GitHub/UnrealProjectVGL/Saved/Config/Windows/Scalability.ini]
[2020.04.27-14.10.46:363][  0]LogConfig: Setting CVar [[r.SkeletalMeshLODBias:0]]
[2020.04.27-14.10.46:364][  0]LogConfig: Setting CVar [[r.ViewDistanceScale:1.0]]
[2020.04.27-14.10.46:364][  0]LogConfig: Applying CVar settings from Section [AntiAliasingQuality@3] File [C:/Users/default.DESKTOP-VBSPCLE/Documents/GitHub/UnrealProjectVGL/Saved/Config/Windows/Scalability.ini]
[2020.04.27-14.10.46:364][  0]LogConfig: Setting CVar [[r.PostProcessAAQuality:4]]
[2020.04.27-14.10.46:364][  0]LogConfig: Applying CVar settings from Section [ShadowQuality@3] File [C:/Users/default.DESKTOP-VBSPCLE/Documents/GitHub/UnrealProjectVGL/Saved/Config/Windows/Scalability.ini]
[2020.04.27-14.10.46:364][  0]LogConfig: Setting CVar [[r.LightFunctionQuality:1]]
[2020.04.27-14.10.46:364][  0]LogConfig: Setting CVar [[r.ShadowQuality:5]]
[2020.04.27-14.10.46:364][  0]LogConfig: Setting CVar [[r.Shadow.CSM.MaxCascades:10]]
[2020.04.27-14.10.46:364][  0]LogConfig: Setting CVar [[r.Shadow.MaxResolution:2048]]
[2020.04.27-14.10.46:364][  0]LogConfig: Setting CVar [[r.Shadow.MaxCSMResolution:2048]]
[2020.04.27-14.10.46:364][  0]LogConfig: Setting CVar [[r.Shadow.RadiusThreshold:0.01]]
[2020.04.27-14.10.46:364][  0]LogConfig: Setting CVar [[r.Shadow.DistanceScale:1.0]]
[2020.04.27-14.10.46:364][  0]LogConfig: Setting CVar [[r.Shadow.CSM.TransitionScale:1.0]]
[2020.04.27-14.10.46:364][  0]LogConfig: Setting CVar [[r.Shadow.PreShadowResolutionFactor:1.0]]
[2020.04.27-14.10.46:364][  0]LogConfig: Setting CVar [[r.DistanceFieldShadowing:1]]
[2020.04.27-14.10.46:364][  0]LogConfig: Setting CVar [[r.DistanceFieldAO:1]]
[2020.04.27-14.10.46:364][  0]LogConfig: Setting CVar [[r.AOQuality:2]]
[2020.04.27-14.10.46:364][  0]LogConfig: Setting CVar [[r.VolumetricFog:1]]
[2020.04.27-14.10.46:364][  0]LogConfig: Setting CVar [[r.VolumetricFog.GridPixelSize:8]]
[2020.04.27-14.10.46:364][  0]LogConfig: Setting CVar [[r.VolumetricFog.GridSizeZ:128]]
[2020.04.27-14.10.46:364][  0]LogConfig: Setting CVar [[r.VolumetricFog.HistoryMissSupersampleCount:4]]
[2020.04.27-14.10.46:364][  0]LogConfig: Setting CVar [[r.LightMaxDrawDistanceScale:1]]
[2020.04.27-14.10.46:364][  0]LogConfig: Setting CVar [[r.CapsuleShadows:1]]
[2020.04.27-14.10.46:364][  0]LogConfig: Applying CVar settings from Section [PostProcessQuality@3] File [C:/Users/default.DESKTOP-VBSPCLE/Documents/GitHub/UnrealProjectVGL/Saved/Config/Windows/Scalability.ini]
[2020.04.27-14.10.46:364][  0]LogConfig: Setting CVar [[r.MotionBlurQuality:4]]
[2020.04.27-14.10.46:364][  0]LogConfig: Setting CVar [[r.AmbientOcclusionMipLevelFactor:0.4]]
[2020.04.27-14.10.46:365][  0]LogConfig: Setting CVar [[r.AmbientOcclusionMaxQuality:100]]
[2020.04.27-14.10.46:365][  0]LogConfig: Setting CVar [[r.AmbientOcclusionLevels:-1]]
[2020.04.27-14.10.46:365][  0]LogConfig: Setting CVar [[r.AmbientOcclusionRadiusScale:1.0]]
[2020.04.27-14.10.46:365][  0]LogConfig: Setting CVar [[r.DepthOfFieldQuality:2]]
[2020.04.27-14.10.46:365][  0]LogConfig: Setting CVar [[r.RenderTargetPoolMin:400]]
[2020.04.27-14.10.46:365][  0]LogConfig: Setting CVar [[r.LensFlareQuality:2]]
[2020.04.27-14.10.46:365][  0]LogConfig: Setting CVar [[r.SceneColorFringeQuality:1]]
[2020.04.27-14.10.46:365][  0]LogConfig: Setting CVar [[r.EyeAdaptationQuality:2]]
[2020.04.27-14.10.46:365][  0]LogConfig: Setting CVar [[r.BloomQuality:5]]
[2020.04.27-14.10.46:365][  0]LogConfig: Setting CVar [[r.FastBlurThreshold:100]]
[2020.04.27-14.10.46:365][  0]LogConfig: Setting CVar [[r.Upscale.Quality:3]]
[2020.04.27-14.10.46:365][  0]LogConfig: Setting CVar [[r.Tonemapper.GrainQuantization:1]]
[2020.04.27-14.10.46:365][  0]LogConfig: Setting CVar [[r.LightShaftQuality:1]]
[2020.04.27-14.10.46:365][  0]LogConfig: Setting CVar [[r.Filter.SizeScale:1]]
[2020.04.27-14.10.46:365][  0]LogConfig: Setting CVar [[r.Tonemapper.Quality:5]]
[2020.04.27-14.10.46:365][  0]LogConfig: Setting CVar [[r.DOF.Gather.AccumulatorQuality:1        ; higher gathering accumulator quality]]
[2020.04.27-14.10.46:365][  0]LogConfig: Setting CVar [[r.DOF.Gather.PostfilterMethod:1          ; Median3x3 postfilering method]]
[2020.04.27-14.10.46:365][  0]LogConfig: Setting CVar [[r.DOF.Gather.EnableBokehSettings:0       ; no bokeh simulation when gathering]]
[2020.04.27-14.10.46:365][  0]LogConfig: Setting CVar [[r.DOF.Gather.RingCount:4                 ; medium number of samples when gathering]]
[2020.04.27-14.10.46:365][  0]LogConfig: Setting CVar [[r.DOF.Scatter.ForegroundCompositing:1    ; additive foreground scattering]]
[2020.04.27-14.10.46:365][  0]LogConfig: Setting CVar [[r.DOF.Scatter.BackgroundCompositing:2    ; additive background scattering]]
[2020.04.27-14.10.46:365][  0]LogConfig: Setting CVar [[r.DOF.Scatter.EnableBokehSettings:1      ; bokeh simulation when scattering]]
[2020.04.27-14.10.46:365][  0]LogConfig: Setting CVar [[r.DOF.Scatter.MaxSpriteRatio:0.1         ; only a maximum of 10% of scattered bokeh]]
[2020.04.27-14.10.46:366][  0]LogConfig: Setting CVar [[r.DOF.Recombine.Quality:1                ; cheap slight out of focus]]
[2020.04.27-14.10.46:366][  0]LogConfig: Setting CVar [[r.DOF.Recombine.EnableBokehSettings:0    ; no bokeh simulation on slight out of focus]]
[2020.04.27-14.10.46:366][  0]LogConfig: Setting CVar [[r.DOF.TemporalAAQuality:1                ; more stable temporal accumulation]]
[2020.04.27-14.10.46:366][  0]LogConfig: Setting CVar [[r.DOF.Kernel.MaxForegroundRadius:0.025]]
[2020.04.27-14.10.46:366][  0]LogConfig: Setting CVar [[r.DOF.Kernel.MaxBackgroundRadius:0.025]]
[2020.04.27-14.10.46:366][  0]LogConfig: Applying CVar settings from Section [TextureQuality@3] File [C:/Users/default.DESKTOP-VBSPCLE/Documents/GitHub/UnrealProjectVGL/Saved/Config/Windows/Scalability.ini]
[2020.04.27-14.10.46:366][  0]LogConfig: Setting CVar [[r.Streaming.MipBias:0]]
[2020.04.27-14.10.46:366][  0]LogConfig: Setting CVar [[r.Streaming.AmortizeCPUToGPUCopy:0]]
[2020.04.27-14.10.46:366][  0]LogConfig: Setting CVar [[r.Streaming.MaxNumTexturesToStreamPerFrame:0]]
[2020.04.27-14.10.46:366][  0]LogConfig: Setting CVar [[r.Streaming.Boost:1]]
[2020.04.27-14.10.46:366][  0]LogConfig: Setting CVar [[r.MaxAnisotropy:8]]
[2020.04.27-14.10.46:366][  0]LogConfig: Setting CVar [[r.VT.MaxAnisotropy:8]]
[2020.04.27-14.10.46:366][  0]LogConfig: Setting CVar [[r.Streaming.LimitPoolSizeToVRAM:0]]
[2020.04.27-14.10.46:366][  0]LogConfig: Setting CVar [[r.Streaming.PoolSize:1000]]
[2020.04.27-14.10.46:366][  0]LogConfig: Setting CVar [[r.Streaming.MaxEffectiveScreenSize:0]]
[2020.04.27-14.10.46:366][  0]LogConfig: Applying CVar settings from Section [EffectsQuality@3] File [C:/Users/default.DESKTOP-VBSPCLE/Documents/GitHub/UnrealProjectVGL/Saved/Config/Windows/Scalability.ini]
[2020.04.27-14.10.46:366][  0]LogConfig: Setting CVar [[r.TranslucencyLightingVolumeDim:64]]
[2020.04.27-14.10.46:366][  0]LogConfig: Setting CVar [[r.RefractionQuality:2]]
[2020.04.27-14.10.46:366][  0]LogConfig: Setting CVar [[r.SSR.Quality:3]]
[2020.04.27-14.10.46:366][  0]LogConfig: Setting CVar [[r.SSR.HalfResSceneColor:0]]
[2020.04.27-14.10.46:366][  0]LogConfig: Setting CVar [[r.SceneColorFormat:4]]
[2020.04.27-14.10.46:366][  0]LogConfig: Setting CVar [[r.DetailMode:2]]
[2020.04.27-14.10.46:366][  0]LogConfig: Setting CVar [[r.TranslucencyVolumeBlur:1]]
[2020.04.27-14.10.46:366][  0]LogConfig: Setting CVar [[r.MaterialQualityLevel:1 ; High quality]]
[2020.04.27-14.10.46:366][  0]LogConfig: Setting CVar [[r.SSS.Scale:1]]
[2020.04.27-14.10.46:367][  0]LogConfig: Setting CVar [[r.SSS.SampleSet:2]]
[2020.04.27-14.10.46:367][  0]LogConfig: Setting CVar [[r.SSS.Quality:1]]
[2020.04.27-14.10.46:367][  0]LogConfig: Setting CVar [[r.SSS.HalfRes:1]]
[2020.04.27-14.10.46:367][  0]LogConfig: Setting CVar [[r.SSGI.Quality:3]]
[2020.04.27-14.10.46:367][  0]LogConfig: Setting CVar [[r.EmitterSpawnRateScale:1.0]]
[2020.04.27-14.10.46:367][  0]LogConfig: Setting CVar [[r.ParticleLightQuality:2]]
[2020.04.27-14.10.46:367][  0]LogConfig: Setting CVar [[r.SkyAtmosphere.AerialPerspectiveLUT.FastApplyOnOpaque:1 ; Always have FastSkyLUT 1 in this case to avoid wrong sky]]
[2020.04.27-14.10.46:367][  0]LogConfig: Setting CVar [[r.SkyAtmosphere.AerialPerspectiveLUT.SampleCountPerSlice:1]]
[2020.04.27-14.10.46:367][  0]LogConfig: Setting CVar [[r.SkyAtmosphere.AerialPerspectiveLUT.DepthResolution:16.0]]
[2020.04.27-14.10.46:367][  0]LogConfig: Setting CVar [[r.SkyAtmosphere.FastSkyLUT:1]]
[2020.04.27-14.10.46:367][  0]LogConfig: Setting CVar [[r.SkyAtmosphere.FastSkyLUT.SampleCountMin:4.0]]
[2020.04.27-14.10.46:367][  0]LogConfig: Setting CVar [[r.SkyAtmosphere.FastSkyLUT.SampleCountMax:32.0]]
[2020.04.27-14.10.46:367][  0]LogConfig: Setting CVar [[r.SkyAtmosphere.SampleCountMin:4.0]]
[2020.04.27-14.10.46:367][  0]LogConfig: Setting CVar [[r.SkyAtmosphere.SampleCountMax:32.0]]
[2020.04.27-14.10.46:367][  0]LogConfig: Setting CVar [[r.SkyAtmosphere.TransmittanceLUT.UseSmallFormat:0]]
[2020.04.27-14.10.46:367][  0]LogConfig: Setting CVar [[r.SkyAtmosphere.TransmittanceLUT.SampleCount:10.0]]
[2020.04.27-14.10.46:367][  0]LogConfig: Setting CVar [[r.SkyAtmosphere.MultiScatteringLUT.SampleCount:15.0]]
[2020.04.27-14.10.46:367][  0]LogConfig: Applying CVar settings from Section [FoliageQuality@3] File [C:/Users/default.DESKTOP-VBSPCLE/Documents/GitHub/UnrealProjectVGL/Saved/Config/Windows/Scalability.ini]
[2020.04.27-14.10.46:367][  0]LogConfig: Setting CVar [[foliage.DensityScale:1.0]]
[2020.04.27-14.10.46:367][  0]LogConfig: Setting CVar [[grass.DensityScale:1.0]]
[2020.04.27-14.10.46:367][  0]LogConfig: Applying CVar settings from Section [ShadingQuality@3] File [C:/Users/default.DESKTOP-VBSPCLE/Documents/GitHub/UnrealProjectVGL/Saved/Config/Windows/Scalability.ini]
[2020.04.27-14.10.46:367][  0]LogConfig: Setting CVar [[r.HairStrands.SkyLighting.SampleCount:16]]
[2020.04.27-14.10.46:367][  0]LogConfig: Setting CVar [[r.HairStrands.SkyLighting.JitterIntegration:0]]
[2020.04.27-14.10.46:367][  0]LogConfig: Setting CVar [[r.HairStrands.SkyAO.SampleCount:16]]
[2020.04.27-14.10.46:368][  0]LogConfig: Applying CVar settings from Section [Startup] File [../../../Engine/Config/ConsoleVariables.ini]
[2020.04.27-14.10.46:368][  0]LogConfig: Setting CVar [[net.UseAdaptiveNetUpdateFrequency:0]]
[2020.04.27-14.10.46:368][  0]LogConfig: Setting CVar [[p.chaos.AllowCreatePhysxBodies:1]]
[2020.04.27-14.10.46:368][  0]LogConfig: Applying CVar settings from Section [ConsoleVariables] File [C:/Users/default.DESKTOP-VBSPCLE/Documents/GitHub/UnrealProjectVGL/Saved/Config/Windows/Engine.ini]
[2020.04.27-14.10.46:368][  0]LogInit: Computer: DESKTOP-VBSPCLE
[2020.04.27-14.10.46:368][  0]LogInit: User: default
[2020.04.27-14.10.46:369][  0]LogInit: CPU Page size=4096, Cores=6
[2020.04.27-14.10.46:369][  0]LogInit: High frequency timer resolution =10.000000 MHz
[2020.04.27-14.10.46:369][  0]LogMemory: Memory total: Physical=15.8GB (16GB approx)
[2020.04.27-14.10.46:369][  0]LogMemory: Platform Memory Stats for Windows
[2020.04.27-14.10.46:369][  0]LogMemory: Process Physical Memory: 110.82 MB used, 110.82 MB peak
[2020.04.27-14.10.46:369][  0]LogMemory: Process Virtual Memory: 109.91 MB used, 109.91 MB peak
[2020.04.27-14.10.46:369][  0]LogMemory: Physical Memory: 10919.94 MB used,  5270.23 MB free, 16190.17 MB total
[2020.04.27-14.10.46:369][  0]LogMemory: Virtual Memory: 5191.95 MB used,  134212536.00 MB free, 134217728.00 MB total
[2020.04.27-14.10.46:375][  0]LogWindows: WindowsPlatformFeatures enabled
[2020.04.27-14.10.46:412][  0]LogInit: Using OS detected language (sv-SE).
[2020.04.27-14.10.46:412][  0]LogInit: Using OS detected locale (sv-SE).
[2020.04.27-14.10.46:414][  0]LogTextLocalizationManager: No localization for 'sv-SE' exists, so 'en' will be used for the language.
[2020.04.27-14.10.46:664][  0]LogInit: Setting process to per monitor DPI aware
[2020.04.27-14.10.46:711][  0]LogSlate: New Slate User Created.  User Index 0, Is Virtual User: 0
[2020.04.27-14.10.46:711][  0]LogSlate: Slate User Registered.  User Index 0, Is Virtual User: 0
[2020.04.27-14.10.46:880][  0]LogD3D11RHI: D3D11 min allowed feature level: 11_0
[2020.04.27-14.10.46:880][  0]LogD3D11RHI: D3D11 max allowed feature level: 11_0
[2020.04.27-14.10.46:880][  0]LogD3D11RHI: D3D11 adapters:
[2020.04.27-14.10.46:981][  0]LogD3D11RHI:    0. 'NVIDIA Quadro P1000' (Feature Level 11_0)
[2020.04.27-14.10.46:981][  0]LogD3D11RHI:       4019/0/8095 MB DedicatedVideo/DedicatedSystem/SharedSystem, Outputs:1, VendorId:0x10de
[2020.04.27-14.10.47:014][  0]LogD3D11RHI:    1. 'Intel(R) UHD Graphics 630' (Feature Level 11_0)
[2020.04.27-14.10.47:014][  0]LogD3D11RHI:       128/0/8095 MB DedicatedVideo/DedicatedSystem/SharedSystem, Outputs:1, VendorId:0x8086
[2020.04.27-14.10.47:018][  0]LogD3D11RHI:    2. 'Microsoft Basic Render Driver' (Feature Level 11_0)
[2020.04.27-14.10.47:018][  0]LogD3D11RHI:       0/0/8095 MB DedicatedVideo/DedicatedSystem/SharedSystem, Outputs:0, VendorId:0x1414
[2020.04.27-14.10.47:018][  0]LogD3D11RHI: Chosen D3D11 Adapter: 0
[2020.04.27-14.10.47:031][  0]LogD3D11RHI: Creating new Direct3DDevice
[2020.04.27-14.10.47:031][  0]LogD3D11RHI:     GPU DeviceId: 0x1cbb (for the marketing name, search the web for "GPU Device Id")
[2020.04.27-14.10.47:031][  0]LogWindows: EnumDisplayDevices:
[2020.04.27-14.10.47:031][  0]LogWindows:    0. 'Intel(R) UHD Graphics 630' (P:0 D:1)
[2020.04.27-14.10.47:032][  0]LogWindows:    1. 'Intel(R) UHD Graphics 630' (P:0 D:0)
[2020.04.27-14.10.47:032][  0]LogWindows:    2. 'Intel(R) UHD Graphics 630' (P:0 D:0)
[2020.04.27-14.10.47:032][  0]LogWindows:    3. 'NVIDIA Quadro P1000' (P:1 D:1)
[2020.04.27-14.10.47:033][  0]LogWindows:    4. 'NVIDIA Quadro P1000' (P:0 D:0)
[2020.04.27-14.10.47:033][  0]LogWindows:    5. 'NVIDIA Quadro P1000' (P:0 D:0)
[2020.04.27-14.10.47:034][  0]LogWindows:    6. 'NVIDIA Quadro P1000' (P:0 D:0)
[2020.04.27-14.10.47:034][  0]LogWindows: DebugString: PrimaryIsNotTheChoosenAdapter PrimaryIsNotTheChoosenAdapter PrimaryIsNotTheChoosenAdapter FoundDriverCount:4 
[2020.04.27-14.10.47:034][  0]LogD3D11RHI:     Adapter Name: NVIDIA Quadro P1000
[2020.04.27-14.10.47:034][  0]LogD3D11RHI:   Driver Version: 442.50 (internal:26.21.14.4250, unified:442.50)
[2020.04.27-14.10.47:034][  0]LogD3D11RHI:      Driver Date: 2-24-2020
[2020.04.27-14.10.47:034][  0]LogRHI: Texture pool is 2813 MB (70% of 4019 MB)
[2020.04.27-14.10.47:105][  0]LogD3D11RHI: RHI has support for 64 bit atomics
[2020.04.27-14.10.47:106][  0]LogD3D11RHI: Async texture creation enabled
[2020.04.27-14.10.47:122][  0]LogD3D11RHI: GPU Timing Frequency: 1000.000000 (Debug: 2 1)
[2020.04.27-14.10.47:557][  0]LogTargetPlatformManager: Display: Loaded TargetPlatform 'AllDesktop'
[2020.04.27-14.10.47:607][  0]LogTargetPlatformManager: Display: Loaded TargetPlatform 'Android'
[2020.04.27-14.10.47:607][  0]LogTargetPlatformManager: Display: Loaded TargetPlatform 'Android_ASTC'
[2020.04.27-14.10.47:607][  0]LogTargetPlatformManager: Display: Loaded TargetPlatform 'Android_ATC'
[2020.04.27-14.10.47:607][  0]LogTargetPlatformManager: Display: Loaded TargetPlatform 'Android_DXT'
[2020.04.27-14.10.47:607][  0]LogTargetPlatformManager: Display: Loaded TargetPlatform 'Android_ETC1'
[2020.04.27-14.10.47:607][  0]LogTargetPlatformManager: Display: Loaded TargetPlatform 'Android_ETC1a'
[2020.04.27-14.10.47:607][  0]LogTargetPlatformManager: Display: Loaded TargetPlatform 'Android_ETC2'
[2020.04.27-14.10.47:607][  0]LogTargetPlatformManager: Display: Loaded TargetPlatform 'Android_PVRTC'
[2020.04.27-14.10.47:607][  0]LogTargetPlatformManager: Display: Loaded TargetPlatform 'AndroidClient'
[2020.04.27-14.10.47:607][  0]LogTargetPlatformManager: Display: Loaded TargetPlatform 'Android_ASTCClient'
[2020.04.27-14.10.47:607][  0]LogTargetPlatformManager: Display: Loaded TargetPlatform 'Android_ATCClient'
[2020.04.27-14.10.47:607][  0]LogTargetPlatformManager: Display: Loaded TargetPlatform 'Android_DXTClient'
[2020.04.27-14.10.47:607][  0]LogTargetPlatformManager: Display: Loaded TargetPlatform 'Android_ETC1Client'
[2020.04.27-14.10.47:607][  0]LogTargetPlatformManager: Display: Loaded TargetPlatform 'Android_ETC1aClient'
[2020.04.27-14.10.47:607][  0]LogTargetPlatformManager: Display: Loaded TargetPlatform 'Android_ETC2Client'
[2020.04.27-14.10.47:607][  0]LogTargetPlatformManager: Display: Loaded TargetPlatform 'Android_PVRTCClient'
[2020.04.27-14.10.47:607][  0]LogTargetPlatformManager: Display: Loaded TargetPlatform 'Android_Multi'
[2020.04.27-14.10.47:608][  0]LogTargetPlatformManager: Display: Loaded TargetPlatform 'Android_MultiClient'
[2020.04.27-14.10.47:641][  0]LogTargetPlatformManager: Display: Loaded TargetPlatform 'HoloLens'
[2020.04.27-14.10.47:675][  0]LogTargetPlatformManager: Display: Loaded TargetPlatform 'IOSClient'
[2020.04.27-14.10.47:675][  0]LogTargetPlatformManager: Display: Loaded TargetPlatform 'IOS'
[2020.04.27-14.10.47:693][  0]LogTargetPlatformManager: Display: Loaded TargetPlatform 'LinuxNoEditor'
[2020.04.27-14.10.47:713][  0]LogTargetPlatformManager: Display: Loaded TargetPlatform 'LinuxClient'
[2020.04.27-14.10.47:733][  0]LogTargetPlatformManager: Display: Loaded TargetPlatform 'LinuxServer'
[2020.04.27-14.10.47:752][  0]LogTargetPlatformManager: Display: Loaded TargetPlatform 'LinuxAArch64NoEditor'
[2020.04.27-14.10.47:772][  0]LogTargetPlatformManager: Display: Loaded TargetPlatform 'LinuxAArch64Client'
[2020.04.27-14.10.47:793][  0]LogTargetPlatformManager: Display: Loaded TargetPlatform 'LinuxAArch64Server'
[2020.04.27-14.10.47:854][  0]LogTargetPlatformManager: Display: Loaded TargetPlatform 'Lumin'
[2020.04.27-14.10.47:854][  0]LogTargetPlatformManager: Display: Loaded TargetPlatform 'LuminClient'
[2020.04.27-14.10.47:874][  0]LogTargetPlatformManager: Display: Loaded TargetPlatform 'TVOSClient'
[2020.04.27-14.10.47:874][  0]LogTargetPlatformManager: Display: Loaded TargetPlatform 'TVOS'
[2020.04.27-14.10.47:883][  0]LogTargetPlatformManager: Display: Loaded TargetPlatform 'WindowsNoEditor'
[2020.04.27-14.10.47:891][  0]LogTargetPlatformManager: Display: Loaded TargetPlatform 'Windows'
[2020.04.27-14.10.47:901][  0]LogTargetPlatformManager: Display: Loaded TargetPlatform 'WindowsClient'
[2020.04.27-14.10.47:909][  0]LogTargetPlatformManager: Display: Loaded TargetPlatform 'WindowsServer'
[2020.04.27-14.10.47:909][  0]LogTargetPlatformManager: Display: Building Assets For Windows
[2020.04.27-14.10.47:913][  0]LogAudioDebug: Display: Lib vorbis DLL was dynamically loaded.
[2020.04.27-14.10.47:950][  0]LogShaderCompilers: Guid format shader working directory is -18 characters bigger than the processId version (../../../../../../Users/default.DESKTOP-VBSPCLE/Documents/GitHub/UnrealProjectVGL/Intermediate/Shaders/WorkingDirectory/20260/).
[2020.04.27-14.10.47:951][  0]LogShaderCompilers: Cleaned the shader compiler working directory 'C:/Users/default.DESKTOP-VBSPCLE/AppData/Local/Temp/UnrealShaderWorkingDir/360EAF1748163A11C498358CFA6FF729/'.
[2020.04.27-14.10.47:952][  0]LogXGEController: Cannot use XGE Controller as Incredibuild is not installed on this machine.
[2020.04.27-14.10.47:953][  0]LogShaderCompilers: Cannot use XGE Shader Compiler as Incredibuild is not installed on this machine.
[2020.04.27-14.10.47:953][  0]LogShaderCompilers: Display: Using Local Shader Compiler.
[2020.04.27-14.10.48:797][  0]LogDerivedDataCache: Display: Max Cache Size: 512 MB
[2020.04.27-14.10.48:869][  0]LogDerivedDataCache: Loaded boot cache 0.07s 78MB C:/Users/default.DESKTOP-VBSPCLE/AppData/Local/UnrealEngine/4.24/DerivedDataCache/Boot.ddc.
[2020.04.27-14.10.48:869][  0]LogDerivedDataCache: Display: Loaded Boot cache: C:/Users/default.DESKTOP-VBSPCLE/AppData/Local/UnrealEngine/4.24/DerivedDataCache/Boot.ddc
[2020.04.27-14.10.48:870][  0]LogDerivedDataCache: FDerivedDataBackendGraph:  Pak pak cache file ../../../../../../Users/default.DESKTOP-VBSPCLE/Documents/GitHub/UnrealProjectVGL/DerivedDataCache/DDC.ddp not found, will not use a pak cache.
[2020.04.27-14.10.48:870][  0]LogDerivedDataCache: Unable to find inner node Pak for hierarchical cache Hierarchy.
[2020.04.27-14.10.48:870][  0]LogDerivedDataCache: FDerivedDataBackendGraph:  CompressedPak pak cache file ../../../../../../Users/default.DESKTOP-VBSPCLE/Documents/GitHub/UnrealProjectVGL/DerivedDataCache/Compressed.ddp not found, will not use a pak cache.
[2020.04.27-14.10.48:870][  0]LogDerivedDataCache: Unable to find inner node CompressedPak for hierarchical cache Hierarchy.
[2020.04.27-14.10.48:883][  0]LogDerivedDataCache: Display: Pak cache opened for reading ../../../Engine/DerivedDataCache/Compressed.ddp.
[2020.04.27-14.10.48:883][  0]LogDerivedDataCache: FDerivedDataBackendGraph:  EnterprisePak pak cache file ../../../Enterprise/DerivedDataCache/Compressed.ddp not found, will not use a pak cache.
[2020.04.27-14.10.48:883][  0]LogDerivedDataCache: Unable to find inner node EnterprisePak for hierarchical cache Hierarchy.
[2020.04.27-14.10.48:886][  0]LogDerivedDataCache: Using Local data cache path C:/Users/default.DESKTOP-VBSPCLE/AppData/Local/UnrealEngine/Common/DerivedDataCache: Writable
[2020.04.27-14.10.48:886][  0]LogDerivedDataCache: Shared data cache path not found in *engine.ini, will not use an Shared cache.
[2020.04.27-14.10.48:886][  0]LogDerivedDataCache: Unable to find inner node Shared for hierarchical cache Hierarchy.
[2020.04.27-14.10.48:915][  0]LogMaterial: Verifying Global Shaders for PCD3D_SM5
[2020.04.27-14.10.48:918][  0]LogSlate: Using FreeType 2.10.0
[2020.04.27-14.10.48:919][  0]LogSlate: SlateFontServices - WITH_FREETYPE: 1, WITH_HARFBUZZ: 1
[2020.04.27-14.10.48:978][  0]LogAssetRegistry: FAssetRegistry took 0.0033 seconds to start up
[2020.04.27-14.10.49:334][  0]LogInit: Selected Device Profile: [Windows]
[2020.04.27-14.10.49:524][  0]LogMeshReduction: Using QuadricMeshReduction for automatic static mesh reduction
[2020.04.27-14.10.49:524][  0]LogMeshReduction: Using SimplygonMeshReduction for automatic skeletal mesh reduction
[2020.04.27-14.10.49:524][  0]LogMeshReduction: Using ProxyLODMeshReduction for automatic mesh merging
[2020.04.27-14.10.49:524][  0]LogMeshReduction: No distributed automatic mesh merging module available
[2020.04.27-14.10.49:524][  0]LogMeshMerging: No distributed automatic mesh merging module available
[2020.04.27-14.10.49:554][  0]LogNetVersion: Linne_Afry_SBK 1.0.0, NetCL: 10570792, EngineNetVer: 13, GameNetVer: 0 (Checksum: 2725821000)
[2020.04.27-14.10.51:063][  0]LogPackageLocalizationCache: Processed 12 localized package path(s) for 1 prioritized culture(s) in 0.080719 seconds
[2020.04.27-14.10.51:072][  0]LogUObjectArray: 47376 objects as part of root set at end of initial load.
[2020.04.27-14.10.51:072][  0]LogUObjectAllocator: 8253048 out of 0 bytes used by permanent object pool.
[2020.04.27-14.10.51:072][  0]LogUObjectArray: CloseDisregardForGC: 0/0 objects in disregard for GC pool
[2020.04.27-14.10.51:546][  0]LogTcpMessaging: Initializing TcpMessaging bridge
[2020.04.27-14.10.51:550][  0]LogUdpMessaging: Initializing bridge on interface 0.0.0.0:0 to multicast group 230.0.0.1:6666.
[2020.04.27-14.10.51:644][  0]SourceControl: Source control is disabled
[2020.04.27-14.10.51:645][  0]SourceControl: Source control is disabled
[2020.04.27-14.10.51:646][  0]SourceControl: Source control is disabled
[2020.04.27-14.10.51:648][  0]SourceControl: Source control is disabled
[2020.04.27-14.10.51:649][  0]SourceControl: Source control is disabled
[2020.04.27-14.10.51:659][  0]LogVSAccessor: Display: Unable to create Visual Studio setup instance: 80040154
[2020.04.27-14.10.51:660][  0]LogVSAccessor: Display: Unable to create Visual Studio setup instance: 80040154
[2020.04.27-14.10.51:753][  0]LogAndroidPermission: UAndroidPermissionCallbackProxy::GetInstance
[2020.04.27-14.10.51:766][  0]LogAudioCaptureCore: Display: No Audio Capture implementations found. Audio input will be silent.
[2020.04.27-14.10.51:766][  0]LogAudioCaptureCore: Display: No Audio Capture implementations found. Audio input will be silent.
[2020.04.27-14.10.51:883][  0]LogOcInput: OculusInput pre-init called
[2020.04.27-14.10.51:891][  0]LogWindows: Failed to load 'OVRPlugin.dll' (GetLastError=126)
[2020.04.27-14.10.51:891][  0]LogWindows: File 'OVRPlugin.dll' does not exist
[2020.04.27-14.10.51:973][  0]LogEngine: Initializing Engine...
[2020.04.27-14.10.51:973][  0]LogHoloLensAR: HoloLens AR system has been initialized
[2020.04.27-14.10.51:974][  0]LogStats: UGameplayTagsManager::InitializeManager -  0.000 s
[2020.04.27-14.10.52:384][  0]LogInit: Initializing FReadOnlyCVARCache
[2020.04.27-14.10.52:393][  0]LogAIModule: Creating AISystem for world Untitled
[2020.04.27-14.10.52:422][  0]LogAudioMixer: Display: Audio Mixer Platform Settings:
[2020.04.27-14.10.52:422][  0]LogAudioMixer: Display: 	Sample Rate:						  48000
[2020.04.27-14.10.52:422][  0]LogAudioMixer: Display: 	Callback Buffer Frame Size Requested: 1024
[2020.04.27-14.10.52:422][  0]LogAudioMixer: Display: 	Callback Buffer Frame Size To Use:	  1024
[2020.04.27-14.10.52:422][  0]LogAudioMixer: Display: 	Number of buffers to queue:			  2
[2020.04.27-14.10.52:422][  0]LogAudioMixer: Display: 	Max Channels (voices):				  32
[2020.04.27-14.10.52:422][  0]LogAudioMixer: Display: 	Number of Async Source Workers:		  0
[2020.04.27-14.10.52:423][  0]LogAudio: Display: AudioDevice MaxSources: 32
[2020.04.27-14.10.52:423][  0]LogAudio: Display: Using built-in audio occlusion.
[2020.04.27-14.10.52:423][  0]LogAudioMixer: Display: Initializing audio mixer.
[2020.04.27-14.10.52:470][  0]LogAudioMixer: Display: Audio Device Output Speaker Info:
[2020.04.27-14.10.52:470][  0]LogAudioMixer: Display: Name: Högtalare (Conexant ISST Audio)
[2020.04.27-14.10.52:470][  0]LogAudioMixer: Display: Is Default: Yes
[2020.04.27-14.10.52:470][  0]LogAudioMixer: Display: Sample Rate: 48000
[2020.04.27-14.10.52:470][  0]LogAudioMixer: Display: Channel Count Used: 2
[2020.04.27-14.10.52:470][  0]LogAudioMixer: Display: Device Channel Count: 2
[2020.04.27-14.10.52:470][  0]LogAudioMixer: Display: Channel Order:
[2020.04.27-14.10.52:470][  0]LogAudioMixer: Display: 0: FrontLeft
[2020.04.27-14.10.52:470][  0]LogAudioMixer: Display: 1: FrontRight
[2020.04.27-14.10.52:494][  0]LogAudioMixer: Display: Using Audio Device Högtalare (Conexant ISST Audio)
[2020.04.27-14.10.52:502][  0]LogInit: FAudioDevice initialized.
[2020.04.27-14.10.52:503][  0]LogNetVersion: Set ProjectVersion to 1.0.0.0. Version Checksum will be recalculated on next use.
[2020.04.27-14.10.52:610][  0]LogDerivedDataCache: Saved boot cache 0.11s 78MB C:/Users/default.DESKTOP-VBSPCLE/AppData/Local/UnrealEngine/4.24/DerivedDataCache/Boot.ddc.
[2020.04.27-14.10.52:620][  0]LogInit: Texture streaming: Enabled
[2020.04.27-14.10.52:637][  0]LogEngineSessionManager: EngineSessionManager initialized
[2020.04.27-14.10.52:637][  0]LogEditorSessionSummary: Verbose: Initializing EditorSessionSummaryWriter for editor session tracking
[2020.04.27-14.10.52:641][  0]LogEditorSessionSummary: EditorSessionSummaryWriter initialized
[2020.04.27-14.10.52:805][  0]LogInit: Transaction tracking system initialized
[2020.04.27-14.10.52:822][  0]BlueprintLog: New page: Editor Load
[2020.04.27-14.10.52:876][  0]LocalizationService: Localization service is disabled
[2020.04.27-14.10.52:945][  0]LogVSAccessor: Display: Unable to create Visual Studio setup instance: 80040154
[2020.04.27-14.10.52:945][  0]LogVSAccessor: Display: Unable to create Visual Studio setup instance: 80040154
[2020.04.27-14.10.53:324][  0]LogFileCache: Scanning file cache for directory 'C:/Users/default.DESKTOP-VBSPCLE/Documents/GitHub/UnrealProjectVGL/Content/' took 0.01s
[2020.04.27-14.10.53:324][  0]LogCook: Display: Max memory allowance for cook 16384mb min free memory 0mb
[2020.04.27-14.10.53:324][  0]LogCook: Display: Mobile HDR setting 1
[2020.04.27-14.10.54:177][  0]SourceControl: Source control is disabled
[2020.04.27-14.10.54:178][  0]Cmd: MAP LOAD FILE="../../../../../../Users/default.DESKTOP-VBSPCLE/Documents/GitHub/UnrealProjectVGL/Content/ACreatedContentLinne/Linne_VR.umap" TEMPLATE=0 SHOWPROGRESS=1 FEATURELEVEL=3
[2020.04.27-14.10.54:184][  0]LightingResults: New page: Lighting Build
[2020.04.27-14.10.54:185][  0]LogWorld: UWorld::CleanupWorld for Untitled, bSessionEnded=true, bCleanupResources=true
[2020.04.27-14.10.54:185][  0]LogSlate: InvalidateAllWidgets triggered.  All widgets were invalidated
[2020.04.27-14.10.54:186][  0]MapCheck: New page: Map Check
[2020.04.27-14.10.54:186][  0]LightingResults: New page: Lighting Build
[2020.04.27-14.10.54:239][  0]LogUObjectHash: Compacting FUObjectHashTables data took   2.64ms
[2020.04.27-14.10.54:473][  0]LogBlueprint: Error: [Compiler RightHand_AnimBP] Can't connect pins  Object  and  Return Value : This cast has an invalid target type (was the class deleted without a redirect?).
[2020.04.27-14.10.54:474][  0]LogBlueprint: Error: [Compiler RightHand_AnimBP] In use pin  As BP Motion Controller  no longer exists on node  Bad cast node . Please refresh node or break links to remove pin.
[2020.04.27-14.10.54:474][  0]LogBlueprint: Error: [Compiler RightHand_AnimBP] Can't connect pins  Return Value  and  Object : This cast has an invalid target type (was the class deleted without a redirect?).
[2020.04.27-14.10.54:475][  0]LogBlueprint: Warning: [Compiler RightHand_AnimBP] Could not find a variable named "Hand" in 'RightHand_AnimBP'.
Make sure 'RightHand_AnimBP' has been compiled for  Get Hand
[2020.04.27-14.10.54:482][  0]LogBlueprint: Error: [Compiler RightHand_AnimBP] Can't connect pins  Object  and  Return Value : This cast has an invalid target type (was the class deleted without a redirect?).
[2020.04.27-14.10.54:482][  0]LogBlueprint: Error: [Compiler RightHand_AnimBP] In use pin  As BP Motion Controller  no longer exists on node  Bad cast node . Please refresh node or break links to remove pin.
[2020.04.27-14.10.54:482][  0]LogBlueprint: Error: [Compiler RightHand_AnimBP] Can't connect pins  Return Value  and  Object : This cast has an invalid target type (was the class deleted without a redirect?).
[2020.04.27-14.10.54:482][  0]LogBlueprint: Warning: [Compiler RightHand_AnimBP] Could not find a variable named "Hand" in 'RightHand_AnimBP'.
Make sure 'RightHand_AnimBP' has been compiled for  Get Hand
[2020.04.27-14.10.54:487][  0]LogBlueprint: Error: [Compiler RightHand_AnimBP] The property associated with  Hand  could not be found in '/Game/ContentPack/VirtualReality/Mannequin/Animations/RightHand_AnimBP.RightHand_AnimBP_C'
[2020.04.27-14.10.56:404][  0]LogTexture: Display: Building textures: HQ_Lightmap0_3 (AutoDXT, 64X64)
[2020.04.27-14.10.56:404][  0]LogTexture: Display: Building textures: HQ_Lightmap0_2 (AutoDXT, 128X128)
[2020.04.27-14.10.56:404][  0]LogTexture: Display: Building textures: LQ_Lightmap_0_2 (DXT1, 128X128)
[2020.04.27-14.10.56:404][  0]LogTexture: Display: Building textures: LQ_Lightmap_0_3 (DXT1, 64X64)
[2020.04.27-14.10.56:404][  0]LogTexture: Display: Building textures: HQ_Lightmap0_1 (AutoDXT, 256X256)
[2020.04.27-14.10.56:404][  0]LogTexture: Display: Building textures: LQ_Lightmap_0_1 (DXT1, 256X256)
[2020.04.27-14.10.56:404][  0]LogTexture: Display: Building textures: SkyOcclusion0_3 (AutoDXT, 64X32)
[2020.04.27-14.10.56:404][  0]LogTexture: Display: Building textures: SkyOcclusion0_2 (AutoDXT, 128X64)
[2020.04.27-14.10.56:404][  0]LogTexture: Display: Building textures: SkyOcclusion0_1 (AutoDXT, 256X128)
[2020.04.27-14.10.56:404][  0]LogTexture: Display: Building textures: T_Cubemap (RGBA16F, 256X256)
[2020.04.27-14.10.56:404][  0]LogTexture: Display: Building textures: T_Water_Normal_Subtle (BC5, 1024X1024)
[2020.04.27-14.10.56:404][  0]LogTexture: Display: Building textures: T_Water_Normal_Large (BC5, 1024X1024)
[2020.04.27-14.10.56:404][  0]LogMaterial: Display: Missing cached shader map for material Transparency_Material, compiling. 
[2020.04.27-14.10.56:634][  0]LogTexture: Display: Building textures: T_Water_Normal (BC5, 2048X2048)
[2020.04.27-14.10.56:634][  0]LogShaderCompilers: Display: Worker (1/9): shaders left to compile 122
[2020.04.27-14.10.56:634][  0]LogShaderCompilers: Display: Worker (2/9): shaders left to compile 112
[2020.04.27-14.10.56:634][  0]LogShaderCompilers: Display: Worker (3/9): shaders left to compile 102
[2020.04.27-14.10.56:634][  0]LogShaderCompilers: Display: Worker (4/9): shaders left to compile 92
[2020.04.27-14.10.56:634][  0]LogShaderCompilers: Display: Worker (5/9): shaders left to compile 82
[2020.04.27-14.10.56:634][  0]LogShaderCompilers: Display: Worker (6/9): shaders left to compile 72
[2020.04.27-14.10.56:634][  0]LogShaderCompilers: Display: Worker (7/9): shaders left to compile 62
[2020.04.27-14.10.56:634][  0]LogShaderCompilers: Display: Worker (8/9): shaders left to compile 52
[2020.04.27-14.10.56:634][  0]LogShaderCompilers: Display: Worker (9/9): shaders left to compile 42
[2020.04.27-14.10.56:634][  0]LogMaterial: Display: Missing cached shader map for material WaterDrop, compiling. 
[2020.04.27-14.10.56:780][  0]LogStaticMesh: Building static mesh BeamMesh...
[2020.04.27-14.10.56:799][  0]LogStaticMesh: Built static mesh [0.02s] /Game/ContentPack/VirtualReality/Meshes/BeamMesh.BeamMesh
[2020.04.27-14.10.56:805][  0]LogStaticMesh: Building static mesh BeaconDirection...
[2020.04.27-14.10.56:810][  0]LogStaticMesh: Built static mesh [0.01s] /Game/ContentPack/VirtualReality/Meshes/BeaconDirection.BeaconDirection
[2020.04.27-14.10.56:813][  0]LogStaticMesh: Building static mesh SM_FatCylinder...
[2020.04.27-14.10.56:824][  0]LogStaticMesh: Built static mesh [0.01s] /Game/ContentPack/VirtualReality/Meshes/SM_FatCylinder.SM_FatCylinder
[2020.04.27-14.10.56:826][  0]LogStaticMesh: Building static mesh 1x1_cube...
[2020.04.27-14.10.56:828][  0]LogStaticMesh: Built static mesh [0.00s] /Game/ContentPack/VirtualReality/Meshes/1x1_cube.1x1_cube
[2020.04.27-14.10.56:832][  0]LogAnimationCompression: Building Anim DDC data for AnimSequence /Game/ContentPack/VirtualReality/Mannequin/Animations/MannequinHand_Right_Open.MannequinHand_Right_Open
[2020.04.27-14.10.56:833][  0]LogAnimationCompression: Recompressing (AnimSequence /Game/ContentPack/VirtualReality/Mannequin/Animations/MannequinHand_Right_Open.MannequinHand_Right_Open) using current/default (AnimCompress_BitwiseCompressOnly_0) bFirstRecompressUsingCurrentOrDefault(1) bTryAlternateCompressor(0) IsCompressedDataValid(0)
[2020.04.27-14.10.56:836][  0]LogAnimationCompression: Building Anim DDC data for AnimSequence /Game/ContentPack/VirtualReality/Mannequin/Animations/MannequinHand_Right_Grab.MannequinHand_Right_Grab
[2020.04.27-14.10.56:836][  0]LogAnimationCompression: Recompressing (AnimSequence /Game/ContentPack/VirtualReality/Mannequin/Animations/MannequinHand_Right_Grab.MannequinHand_Right_Grab) using current/default (AnimCompress_BitwiseCompressOnly_0) bFirstRecompressUsingCurrentOrDefault(1) bTryAlternateCompressor(0) IsCompressedDataValid(0)
[2020.04.27-14.10.56:838][  0]LogAudioDerivedData: Display: Building compressed audio format OGG hash OGG10025600-1-1-1-1-1 wave heavy-rain-daniel_simon...
[2020.04.27-14.10.56:867][  0]LogAudioDerivedData: Display: Compression Quality for SoundWave /Game/ACreatedContentLinne/Rain/Audio/heavy-rain-daniel_simon.heavy-rain-daniel_simon will be modified from 40 to 40.
[2020.04.27-14.10.59:844][  0]LogAudioDerivedData: Display: Updated SoundWave->RawPCMDataSize from 0 to 15245668 while cooking SoundWave /Game/ACreatedContentLinne/Rain/Audio/heavy-rain-daniel_simon.heavy-rain-daniel_simon.
[2020.04.27-14.10.59:861][  0]LogMaterial: Display: Missing cached shader map for material VegetaionPlaceholder_mat1, compiling. 
[2020.04.27-14.10.59:931][  0]LogMaterial: Display: Missing cached shader map for material VegetaionPlaceholder_mat, compiling. 
[2020.04.27-14.10.59:984][  0]LogMaterial: Display: Missing cached shader map for material GlassWindow_mat, compiling. 
[2020.04.27-14.11.00:040][  0]LogMaterial: Display: Missing cached shader map for material CityEngineMaterial_mat_ncl1_1, compiling. 
[2020.04.27-14.11.00:094][  0]LogMaterial: Display: Missing cached shader map for material CityEngineMaterial_mat, compiling. 
[2020.04.27-14.11.00:146][  0]LogMaterial: Display: Missing cached shader map for material CityEngineMaterial_9_mat_ncl1_1, compiling. 
[2020.04.27-14.11.00:196][  0]LogMaterial: Display: Missing cached shader map for material CityEngineMaterial_9_mat, compiling. 
[2020.04.27-14.11.00:253][  0]LogMaterial: Display: Missing cached shader map for material CityEngineMaterial_8_mat_ncl1_1, compiling. 
[2020.04.27-14.11.00:311][  0]LogMaterial: Display: Missing cached shader map for material CityEngineMaterial_8_mat, compiling. 
[2020.04.27-14.11.00:365][  0]LogMaterial: Display: Missing cached shader map for material CityEngineMaterial_7_mat_ncl1_1, compiling. 
[2020.04.27-14.11.00:418][  0]LogMaterial: Display: Missing cached shader map for material CityEngineMaterial_7_mat, compiling. 
[2020.04.27-14.11.00:472][  0]LogMaterial: Display: Missing cached shader map for material CityEngineMaterial_6_mat_ncl1_1, compiling. 
[2020.04.27-14.11.00:529][  0]LogMaterial: Display: Missing cached shader map for material CityEngineMaterial_6_mat, compiling. 
[2020.04.27-14.11.00:590][  0]LogMaterial: Display: Missing cached shader map for material CityEngineMaterial_5_mat_ncl1_1, compiling. 
[2020.04.27-14.11.00:653][  0]LogMaterial: Display: Missing cached shader map for material CityEngineMaterial_5_mat, compiling. 
[2020.04.27-14.11.00:709][  0]LogMaterial: Display: Missing cached shader map for material CityEngineMaterial_4_mat_ncl1_1, compiling. 
[2020.04.27-14.11.00:764][  0]LogMaterial: Display: Missing cached shader map for material CityEngineMaterial_4_mat, compiling. 
[2020.04.27-14.11.00:816][  0]LogMaterial: Display: Missing cached shader map for material CityEngineMaterial_42_mat, compiling. 
[2020.04.27-14.11.00:871][  0]LogMaterial: Display: Missing cached shader map for material CityEngineMaterial_41_mat, compiling. 
[2020.04.27-14.11.00:924][  0]LogMaterial: Display: Missing cached shader map for material CityEngineMaterial_40_mat, compiling. 
[2020.04.27-14.11.00:978][  0]LogMaterial: Display: Missing cached shader map for material CityEngineMaterial_3_mat_ncl1_1, compiling. 
[2020.04.27-14.11.01:036][  0]LogMaterial: Display: Missing cached shader map for material CityEngineMaterial_3_mat, compiling. 
[2020.04.27-14.11.01:089][  0]LogMaterial: Display: Missing cached shader map for material CityEngineMaterial_39_mat, compiling. 
[2020.04.27-14.11.01:144][  0]LogMaterial: Display: Missing cached shader map for material CityEngineMaterial_38_mat, compiling. 
[2020.04.27-14.11.01:203][  0]LogMaterial: Display: Missing cached shader map for material CityEngineMaterial_37_mat, compiling. 
[2020.04.27-14.11.01:270][  0]LogMaterial: Display: Missing cached shader map for material CityEngineMaterial_36_mat, compiling. 
[2020.04.27-14.11.01:327][  0]LogMaterial: Display: Missing cached shader map for material CityEngineMaterial_35_mat, compiling. 
[2020.04.27-14.11.01:391][  0]LogShaderCompilers: Display: Worker (5/9): shaders left to compile 761
[2020.04.27-14.11.01:392][  0]LogShaderCompilers: Display: Worker (9/9): shaders left to compile 751
[2020.04.27-14.11.01:392][  0]LogMaterial: Display: Missing cached shader map for material CityEngineMaterial_34_mat, compiling. 
[2020.04.27-14.11.01:456][  0]LogMaterial: Display: Missing cached shader map for material CityEngineMaterial_33_mat, compiling. 
[2020.04.27-14.11.01:509][  0]LogShaderCompilers: Display: Worker (1/9): shaders left to compile 789
[2020.04.27-14.11.01:509][  0]LogMaterial: Display: Missing cached shader map for material CityEngineMaterial_32_mat, compiling. 
[2020.04.27-14.11.01:564][  0]LogMaterial: Display: Missing cached shader map for material CityEngineMaterial_31_mat, compiling. 
[2020.04.27-14.11.01:619][  0]LogMaterial: Display: Missing cached shader map for material CityEngineMaterial_30_mat, compiling. 
[2020.04.27-14.11.01:678][  0]LogMaterial: Display: Missing cached shader map for material CityEngineMaterial_2_mat_ncl1_1, compiling. 
[2020.04.27-14.11.01:730][  0]LogMaterial: Display: Missing cached shader map for material CityEngineMaterial_2_mat, compiling. 
[2020.04.27-14.11.01:782][  0]LogMaterial: Display: Missing cached shader map for material CityEngineMaterial_28_mat, compiling. 
[2020.04.27-14.11.01:834][  0]LogMaterial: Display: Missing cached shader map for material CityEngineMaterial_27_mat, compiling. 
[2020.04.27-14.11.01:892][  0]LogMaterial: Display: Missing cached shader map for material CityEngineMaterial_26_mat, compiling. 
[2020.04.27-14.11.01:946][  0]LogMaterial: Display: Missing cached shader map for material CityEngineMaterial_25_mat, compiling. 
[2020.04.27-14.11.02:005][  0]LogMaterial: Display: Missing cached shader map for material CityEngineMaterial_24_mat, compiling. 
[2020.04.27-14.11.02:068][  0]LogMaterial: Display: Missing cached shader map for material M_Water_Clean_Cheaper, compiling. 
[2020.04.27-14.11.02:183][  0]LogMaterial: Display: Missing cached shader map for material CityEngineMaterial_16_mat, compiling. 
[2020.04.27-14.11.02:258][  0]LogMaterial: Display: Missing cached shader map for material CityEngineMaterial_15_mat, compiling. 
[2020.04.27-14.11.02:324][  0]LogMaterial: Display: Missing cached shader map for material CityEngineMaterial_14_mat_ncl1_1, compiling. 
[2020.04.27-14.11.02:393][  0]LogMaterial: Display: Missing cached shader map for material CityEngineMaterial_14_mat, compiling. 
[2020.04.27-14.11.02:454][  0]LogMaterial: Display: Missing cached shader map for material CityEngineMaterial_13_mat_ncl1_1, compiling. 
[2020.04.27-14.11.02:515][  0]LogMaterial: Display: Missing cached shader map for material CityEngineMaterial_13_mat, compiling. 
[2020.04.27-14.11.02:569][  0]LogMaterial: Display: Missing cached shader map for material CityEngineMaterial_12_mat_ncl1_1, compiling. 
[2020.04.27-14.11.02:622][  0]LogMaterial: Display: Missing cached shader map for material CityEngineMaterial_12_mat, compiling. 
[2020.04.27-14.11.02:676][  0]LogMaterial: Display: Missing cached shader map for material CityEngineMaterial_11_mat_ncl1_1, compiling. 
[2020.04.27-14.11.02:727][  0]LogMaterial: Display: Missing cached shader map for material CityEngineMaterial_11_mat, compiling. 
[2020.04.27-14.11.02:780][  0]LogMaterial: Display: Missing cached shader map for material CityEngineMaterial_10_mat_ncl1_1, compiling. 
[2020.04.27-14.11.02:833][  0]LogMaterial: Display: Missing cached shader map for material CityEngineMaterial_10_mat, compiling. 
[2020.04.27-14.11.02:897][  0]LogMaterial: Display: Missing cached shader map for material blinn1SG_mat, compiling. 
[2020.04.27-14.11.02:942][  0]LogStaticMesh: Building static mesh afry...
[2020.04.27-14.11.05:841][  0]LogShaderCompilers: Display: Worker (2/9): shaders left to compile 1415
[2020.04.27-14.11.05:841][  0]LogMemory: Warning: Freeing 33554432 bytes from backup pool to handle out of memory.
[2020.04.27-14.11.05:841][  0]LogMemory: Warning: MemoryStats:
	AvailablePhysical 3722186752
	 AvailableVirtual 140729643851776
	     UsedPhysical 1797623808
	 PeakUsedPhysical 1828925440
	      UsedVirtual 1990393856
	  PeakUsedVirtual 2098589696
[2020.04.27-14.11.05:841][  0]Allocator Stats for TBB: (not implemented)
[2020.04.27-14.11.05:841][  0]LogOutputDevice: Warning: 

Script Stack (0 frames):

[2020.04.27-14.11.05:842][  0]LogWindows: Windows GetLastError: Åtgärden har slutförts. (0)
[2020.04.27-14.11.11:015][  0]LogShaderCompilers: Display: Worker (6/9): shaders left to compile 1405
[2020.04.27-14.11.11:015][  0]LogShaderCompilers: Display: Worker (7/9): shaders left to compile 1395
[2020.04.27-14.11.11:015][  0]LogShaderCompilers: Display: Worker (8/9): shaders left to compile 1385
[2020.04.27-14.11.11:015][  0]LogShaderCompilers: Display: Worker (3/9): shaders left to compile 1375
[2020.04.27-14.11.11:015][  0]LogShaderCompilers: Display: Worker (4/9): shaders left to compile 1365
[2020.04.27-14.11.11:015][  0]LogShaderCompilers: Display: Worker (5/9): shaders left to compile 1355
[2020.04.27-14.11.11:015][  0]LogShaderCompilers: Display: Worker (2/9): shaders left to compile 1345
[2020.04.27-14.11.11:015][  0]LogShaderCompilers: Display: Worker (9/9): shaders left to compile 1335
[2020.04.27-14.11.11:015][  0]LogShaderCompilers: Display: Worker (1/9): shaders left to compile 1325
[2020.04.27-14.11.11:016][  0]LogThreadingWindows: Error: Runnable thread FAssetDataGatherer crashed.
[2020.04.27-14.11.11:016][  0]LogWindows: Error: === Critical error: ===
[2020.04.27-14.11.11:016][  0]LogWindows: Error: 
[2020.04.27-14.11.11:016][  0]LogWindows: Error: Fatal error: [File:D:/Build/++UE4/Sync/Engine/Source/Runtime/Core/Private/GenericPlatform/GenericPlatformMemory.cpp] [Line: 186] 
[2020.04.27-14.11.11:016][  0]LogWindows: Error: Ran out of memory allocating 88642792 bytes with alignment 0
[2020.04.27-14.11.11:016][  0]LogWindows: Error: 
[2020.04.27-14.11.11:016][  0]LogWindows: Error: 
[2020.04.27-14.11.11:016][  0]LogWindows: Error: [Callstack] 0x00007ffe41c3a799 KERNELBASE.dll!UnknownFunction []
[2020.04.27-14.11.11:016][  0]LogWindows: Error: [Callstack] 0x00007ffd9462a7b6 UE4Editor-Core.dll!UnknownFunction []
[2020.04.27-14.11.11:016][  0]LogWindows: Error: [Callstack] 0x00007ffd9462dc58 UE4Editor-Core.dll!UnknownFunction []
[2020.04.27-14.11.11:016][  0]LogWindows: Error: [Callstack] 0x00007ffd943e2c7d UE4Editor-Core.dll!UnknownFunction []
[2020.04.27-14.11.11:016][  0]LogWindows: Error: [Callstack] 0x00007ffd941f7b98 UE4Editor-Core.dll!UnknownFunction []
[2020.04.27-14.11.11:016][  0]LogWindows: Error: [Callstack] 0x00007ffd9423d5a8 UE4Editor-Core.dll!UnknownFunction []
[2020.04.27-14.11.11:016][  0]LogWindows: Error: [Callstack] 0x00007ffd942bf7a8 UE4Editor-Core.dll!UnknownFunction []
[2020.04.27-14.11.11:016][  0]LogWindows: Error: [Callstack] 0x00007ffd8dac0640 UE4Editor-MeshDescription.dll!UnknownFunction []
[2020.04.27-14.11.11:016][  0]LogWindows: Error: HandleError re-entered.
[2020.04.27-14.11.11:016][  0]LogWindows: Error: [Callstack] 0x00007ffd8daa8f39 UE4Editor-MeshDescription.dll!UnknownFunction []
[2020.04.27-14.11.11:016][  0]LogWindows: Error: [Callstack] 0x00007ffd8da93751 UE4Editor-MeshDescription.dll!UnknownFunction []
[2020.04.27-14.11.11:016][  0]LogWindows: Error: [Callstack] 0x00007ffd8dac1af8 UE4Editor-MeshDescription.dll!UnknownFunction []
[2020.04.27-14.11.11:016][  0]LogWindows: Error: [Callstack] 0x00007ffd8dab580c UE4Editor-MeshDescription.dll!UnknownFunction []
[2020.04.27-14.11.11:016][  0]LogWindows: Error: [Callstack] 0x00007ffd924268c8 UE4Editor-Engine.dll!UnknownFunction []
[2020.04.27-14.11.11:016][  0]LogWindows: Error: [Callstack] 0x00007ffd923faf7a UE4Editor-Engine.dll!UnknownFunction []
[2020.04.27-14.11.11:016][  0]LogWindows: Error: [Callstack] 0x00007ffdec06567e UE4Editor-MeshBuilder.dll!UnknownFunction []
[2020.04.27-14.11.11:017][  0]LogWindows: Error: [Callstack] 0x00007ffdec06873b UE4Editor-MeshBuilder.dll!UnknownFunction []
[2020.04.27-14.11.11:017][  0]LogWindows: Error: [Callstack] 0x00007ffd923f6bd7 UE4Editor-Engine.dll!UnknownFunction []
[2020.04.27-14.11.11:017][  0]LogWindows: Error: [Callstack] 0x00007ffd923f7815 UE4Editor-Engine.dll!UnknownFunction []
[2020.04.27-14.11.11:017][  0]LogWindows: Error: [Callstack] 0x00007ffd92434784 UE4Editor-Engine.dll!UnknownFunction []
[2020.04.27-14.11.11:017][  0]LogWindows: Error: [Callstack] 0x00007ffd9d21bafa UE4Editor-CoreUObject.dll!UnknownFunction []
[2020.04.27-14.11.11:017][  0]LogWindows: Error: [Callstack] 0x00007ffd920a9cf2 UE4Editor-Engine.dll!UnknownFunction []
[2020.04.27-14.11.11:017][  0]LogWindows: Error: [Callstack] 0x00007ffd9d21bafa UE4Editor-CoreUObject.dll!UnknownFunction []
[2020.04.27-14.11.11:017][  0]LogWindows: Error: [Callstack] 0x00007ffd9d2d8f11 UE4Editor-CoreUObject.dll!UnknownFunction []
[2020.04.27-14.11.11:017][  0]LogWindows: Error: [Callstack] 0x00007ffd9d2c3177 UE4Editor-CoreUObject.dll!UnknownFunction []
[2020.04.27-14.11.11:017][  0]LogWindows: Error: [Callstack] 0x00007ffd9d2e8e7c UE4Editor-CoreUObject.dll!UnknownFunction []
[2020.04.27-14.11.11:017][  0]LogWindows: Error: [Callstack] 0x00007ffd9d2e7dea UE4Editor-CoreUObject.dll!UnknownFunction []
[2020.04.27-14.11.11:017][  0]LogWindows: Error: [Callstack] 0x00007ffd8e6b3e87 UE4Editor-UnrealEd.dll!UnknownFunction []
[2020.04.27-14.11.11:017][  0]LogWindows: Error: [Callstack] 0x00007ffd8e6a429f UE4Editor-UnrealEd.dll!UnknownFunction []
[2020.04.27-14.11.11:017][  0]LogWindows: Error: [Callstack] 0x00007ffd8e68bf75 UE4Editor-UnrealEd.dll!UnknownFunction []
[2020.04.27-14.11.11:017][  0]LogWindows: Error: [Callstack] 0x00007ffd8ee51892 UE4Editor-UnrealEd.dll!UnknownFunction []
[2020.04.27-14.11.11:017][  0]LogWindows: Error: [Callstack] 0x00007ffd8e9d3950 UE4Editor-UnrealEd.dll!UnknownFunction []
[2020.04.27-14.11.11:017][  0]LogWindows: Error: [Callstack] 0x00007ffd8e9d372b UE4Editor-UnrealEd.dll!UnknownFunction []
[2020.04.27-14.11.11:017][  0]LogWindows: Error: [Callstack] 0x00007ffd8ee8fde4 UE4Editor-UnrealEd.dll!UnknownFunction []
[2020.04.27-14.11.11:017][  0]LogWindows: Error: [Callstack] 0x00007ffd8ee4cd49 UE4Editor-UnrealEd.dll!UnknownFunction []
[2020.04.27-14.11.11:017][  0]LogWindows: Error: [Callstack] 0x00007ff73705c260 UE4Editor.exe!UnknownFunction []
[2020.04.27-14.11.11:017][  0]LogWindows: Error: [Callstack] 0x00007ff73705c4ca UE4Editor.exe!UnknownFunction []
[2020.04.27-14.11.11:017][  0]LogWindows: Error: [Callstack] 0x00007ff73706ceae UE4Editor.exe!UnknownFunction []
[2020.04.27-14.11.11:017][  0]LogWindows: FPlatformMisc::RequestExit(1)
[2020.04.27-14.11.11:017][  0]LogWindows: Error: [Callstack] 0x00007ff73706fcbe UE4Editor.exe!UnknownFunction []
[2020.04.27-14.11.11:017][  0]LogWindows: Error: [Callstack] 0x00007ffe43027bd4 KERNEL32.DLL!UnknownFunction []
[2020.04.27-14.11.11:017][  0]LogCore: Engine exit requested (reason: Win RequestExit)
[2020.04.27-14.11.11:017][  0]LogWindows: Error: [Callstack] 0x00007ffe447ece51 ntdll.dll!UnknownFunction []
[2020.04.27-14.11.11:017][  0]LogWindows: Error: 
[2020.04.27-14.11.11:018][  0]LogWindows: Error: Crash in runnable thread FAssetDataGatherer
[2020.04.27-14.11.11:037][  0]Log file closed, 04/27/20 16:11:11
