Log file open, 04/28/20 10:55:22
LogWindows: Failed to load 'aqProf.dll' (GetLastError=126)
LogWindows: File 'aqProf.dll' does not exist
LogWindows: Failed to load 'VtuneApi.dll' (GetLastError=126)
LogWindows: File 'VtuneApi.dll' does not exist
LogWindows: Failed to load 'VtuneApi32e.dll' (GetLastError=126)
LogWindows: File 'VtuneApi32e.dll' does not exist
LogConsoleResponse: Display: Failed to find resolution value strings in scalability ini. Falling back to default.
LogInit: Display: Running engine for game: Linne_Afry_SBK
LogPlatformFile: Not using cached read wrapper
LogTaskGraph: Started task graph with 5 named threads and 23 total threads with 3 sets of task threads.
LogStats: Stats thread started at 0.059333
LogD3D11RHI: Loaded GFSDK_Aftermath_Lib.x64.dll
LogICUInternationalization: ICU TimeZone Detection - Raw Offset: +1:00, Platform Override: ''
LogPluginManager: Mounting plugin Paper2D
LogPluginManager: Mounting plugin AISupport
LogPluginManager: Mounting plugin LiveLink
LogPluginManager: Mounting plugin LightPropagationVolume
LogPluginManager: Mounting plugin ActorLayerUtilities
LogPluginManager: Mounting plugin AnimationSharing
LogPluginManager: Mounting plugin CLionSourceCodeAccess
LogPluginManager: Mounting plugin CodeLiteSourceCodeAccess
LogPluginManager: Mounting plugin GitSourceControl
LogPluginManager: Mounting plugin KDevelopSourceCodeAccess
LogPluginManager: Mounting plugin NullSourceCodeAccess
LogPluginManager: Mounting plugin PerforceSourceControl
LogPluginManager: Mounting plugin PlasticSourceControl
LogPluginManager: Mounting plugin SubversionSourceControl
LogPluginManager: Mounting plugin UObjectPlugin
LogPluginManager: Mounting plugin VisualStudioCodeSourceCodeAccess
LogPluginManager: Mounting plugin VisualStudioSourceCodeAccess
LogPluginManager: Mounting plugin XCodeSourceCodeAccess
LogPluginManager: Mounting plugin AssetManagerEditor
LogPluginManager: Mounting plugin CryptoKeys
LogPluginManager: Mounting plugin CurveEditorTools
LogPluginManager: Mounting plugin DataValidation
LogPluginManager: Mounting plugin FacialAnimation
LogPluginManager: Mounting plugin GameplayTagsEditor
LogPluginManager: Mounting plugin MacGraphicsSwitching
LogPluginManager: Mounting plugin MaterialAnalyzer
LogPluginManager: Mounting plugin MobileLauncherProfileWizard
LogPluginManager: Mounting plugin PluginBrowser
LogPluginManager: Mounting plugin SpeedTreeImporter
LogPluginManager: Mounting plugin DatasmithContent
LogPluginManager: Mounting plugin VariantManagerContent
LogPluginManager: Mounting plugin AlembicImporter
LogPluginManager: Mounting plugin AutomationUtils
LogPluginManager: Mounting plugin BackChannel
LogPluginManager: Mounting plugin CharacterAI
LogPluginManager: Mounting plugin GeometryCache
LogPluginManager: Mounting plugin PlatformCrypto
LogPluginManager: Mounting plugin ProxyLODPlugin
LogPluginManager: Mounting plugin SkeletalReduction
LogPluginManager: Mounting plugin MagicLeap
LogPluginManager: Mounting plugin MagicLeapMedia
LogPluginManager: Mounting plugin MLSDK
LogPluginManager: Mounting plugin AndroidMedia
LogPluginManager: Mounting plugin AvfMedia
LogPluginManager: Mounting plugin ImgMedia
LogPluginManager: Mounting plugin MediaCompositing
LogPluginManager: Mounting plugin MediaPlayerEditor
LogPluginManager: Mounting plugin WebMMedia
LogPluginManager: Mounting plugin WmfMedia
LogPluginManager: Mounting plugin TcpMessaging
LogPluginManager: Mounting plugin UdpMessaging
LogPluginManager: Mounting plugin ActorSequence
LogPluginManager: Mounting plugin LevelSequenceEditor
LogPluginManager: Mounting plugin MatineeToLevelSequence
LogPluginManager: Mounting plugin NetcodeUnitTest
LogPluginManager: Mounting plugin NUTUnrealEngine4
LogPluginManager: Mounting plugin OnlineSubsystemGooglePlay
LogPluginManager: Mounting plugin OnlineSubsystemIOS
LogPluginManager: Mounting plugin OnlineSubsystem
LogPluginManager: Mounting plugin OnlineSubsystemNull
LogPluginManager: Mounting plugin OnlineSubsystemUtils
LogPluginManager: Mounting plugin LauncherChunkInstaller
LogPluginManager: Mounting plugin AndroidDeviceProfileSelector
LogPluginManager: Mounting plugin AndroidMoviePlayer
LogPluginManager: Mounting plugin AndroidPermission
LogPluginManager: Mounting plugin AppleImageUtils
LogPluginManager: Mounting plugin AppleMoviePlayer
LogPluginManager: Mounting plugin HoloLensAR
LogPluginManager: Mounting plugin ArchVisCharacter
LogPluginManager: Mounting plugin AssetTags
LogPluginManager: Mounting plugin AudioCapture
LogPluginManager: Mounting plugin CableComponent
LogPluginManager: Mounting plugin CustomMeshComponent
LogPluginManager: Mounting plugin EditableMesh
LogPluginManager: Mounting plugin ExampleDeviceProfileSelector
LogPluginManager: Mounting plugin GoogleCloudMessaging
LogPluginManager: Mounting plugin IOSDeviceProfileSelector
LogPluginManager: Mounting plugin LinuxDeviceProfileSelector
LogPluginManager: Mounting plugin LocationServicesBPLibrary
LogPluginManager: Mounting plugin MobilePatchingUtils
LogPluginManager: Mounting plugin OculusVR
LogPluginManager: Mounting plugin PhysXVehicles
LogPluginManager: Mounting plugin PostSplashScreen
LogPluginManager: Mounting plugin ProceduralMeshComponent
LogPluginManager: Mounting plugin RuntimePhysXCooking
LogPluginManager: Mounting plugin SignificanceManager
LogPluginManager: Mounting plugin SteamVR
LogPluginManager: Mounting plugin WebMMoviePlayer
LogPluginManager: Mounting plugin WindowsMixedReality
LogPluginManager: Mounting plugin WindowsMoviePlayer
LogPluginManager: Mounting plugin ScreenshotTools
LogPluginManager: Mounting plugin Takes
LogInit: Using libcurl 7.55.1-DEV
LogInit:  - built for x86_64-pc-win32
LogInit:  - supports SSL with OpenSSL/1.1.1
LogInit:  - supports HTTP deflate (compression) using libz 1.2.8
LogInit:  - other features:
LogInit:      CURL_VERSION_SSL
LogInit:      CURL_VERSION_LIBZ
LogInit:      CURL_VERSION_IPV6
LogInit:      CURL_VERSION_ASYNCHDNS
LogInit:      CURL_VERSION_LARGEFILE
LogInit:      CURL_VERSION_IDN
LogInit:  CurlRequestOptions (configurable via config and command line):
LogInit:  - bVerifyPeer = true  - Libcurl will verify peer certificate
LogInit:  - bUseHttpProxy = false  - Libcurl will NOT use HTTP proxy
LogInit:  - bDontReuseConnections = false  - Libcurl will reuse connections
LogInit:  - MaxHostConnections = 16  - Libcurl will limit the number of connections to a host
LogInit:  - LocalHostAddr = Default
LogInit:  - BufferSize = 65536
LogOnline: OSS: Creating online subsystem instance for: NULL
LogInit: WinSock: version 1.1 (2.2), MaxSocks=32767, MaxUdp=65467
LogOnline: OSS: TryLoadSubsystemAndSetDefault: Loaded subsystem for module [NULL]
LogInit: Build: ++UE4+Release-4.24-CL-11590370
LogInit: Engine Version: 4.24.3-11590370+++UE4+Release-4.24
LogInit: Compatible Engine Version: 4.24.0-10570792+++UE4+Release-4.24
LogInit: Net CL: 10570792
LogInit: OS: Windows 10 (Release 1909) (), CPU: Intel(R) Core(TM) i5-9300H CPU @ 2.40GHz, GPU: Intel(R) UHD Graphics 630
LogInit: Compiled (64-bit): Feb 24 2020 15:39:18
LogInit: Compiled with Visual C++: 19.16.27032.01
LogInit: Build Configuration: Development
LogInit: Branch Name: ++UE4+Release-4.24
LogInit: Command Line: 
LogInit: Base Directory: C:/Program Files/Epic Games/UE_4.24/Engine/Binaries/Win64/
LogInit: Installed Engine Build: 1
LogDevObjectVersion: Number of dev versions registered: 25
LogDevObjectVersion:   Dev-Blueprints (B0D832E4-1F89-4F0D-ACCF-7EB736FD4AA2): 10
LogDevObjectVersion:   Dev-Build (E1C64328-A22C-4D53-A36C-8E866417BD8C): 0
LogDevObjectVersion:   Dev-Core (375EC13C-06E4-48FB-B500-84F0262A717E): 3
LogDevObjectVersion:   Dev-Editor (E4B068ED-F494-42E9-A231-DA0B2E46BB41): 37
LogDevObjectVersion:   Dev-Framework (CFFC743F-43B0-4480-9391-14DF171D2073): 36
LogDevObjectVersion:   Dev-Mobile (B02B49B5-BB20-44E9-A304-32B752E40360): 2
LogDevObjectVersion:   Dev-Networking (A4E4105C-59A1-49B5-A7C5-40C4547EDFEE): 0
LogDevObjectVersion:   Dev-Online (39C831C9-5AE6-47DC-9A44-9C173E1C8E7C): 0
LogDevObjectVersion:   Dev-Physics (78F01B33-EBEA-4F98-B9B4-84EACCB95AA2): 2
LogDevObjectVersion:   Dev-Platform (6631380F-2D4D-43E0-8009-CF276956A95A): 0
LogDevObjectVersion:   Dev-Rendering (12F88B9F-8875-4AFC-A67C-D90C383ABD29): 36
LogDevObjectVersion:   Dev-Sequencer (7B5AE74C-D270-4C10-A958-57980B212A5A): 11
LogDevObjectVersion:   Dev-VR (D7296918-1DD6-4BDD-9DE2-64A83CC13884): 2
LogDevObjectVersion:   Dev-LoadTimes (C2A15278-BFE7-4AFE-6C17-90FF531DF755): 1
LogDevObjectVersion:   Private-Geometry (6EACA3D4-40EC-4CC1-B786-8BED09428FC5): 3
LogDevObjectVersion:   Dev-AnimPhys (29E575DD-E0A3-4627-9D10-D276232CDCEA): 17
LogDevObjectVersion:   Dev-Anim (AF43A65D-7FD3-4947-9873-3E8ED9C1BB05): 2
LogDevObjectVersion:   Dev-ReflectionCapture (6B266CEC-1EC7-4B8F-A30B-E4D90942FC07): 1
LogDevObjectVersion:   Dev-Automation (0DF73D61-A23F-47EA-B727-89E90C41499A): 1
LogDevObjectVersion:   FortniteMain (601D1886-AC64-4F84-AA16-D3DE0DEAC7D6): 31
LogDevObjectVersion:   Dev-Enterprise (9DFFBCD6-494F-0158-E221-12823C92A888): 8
LogDevObjectVersion:   Dev-Niagara (F2AED0AC-9AFE-416F-8664-AA7FFA26D6FC): 1
LogDevObjectVersion:   Dev-Destruction (174F1F0B-B4C6-45A5-B13F-2EE8D0FB917D): 9
LogDevObjectVersion:   Dev-Physics-Ext (35F94A83-E258-406C-A318-09F59610247C): 8
LogDevObjectVersion:   Dev-CineCamera (B2E18506-4273-CFC2-A54E-F4BB758BBA07): 1
LogInit: Presizing for max 25165824 objects, including 0 objects not considered by GC, pre-allocating 0 bytes for permanent pool.
LogInit: Object subsystem initialized
LogConfig: Setting CVar [[con.DebugEarlyDefault:1]]
LogConfig: Setting CVar [[r.setres:1280x720]]
[2020.04.28-08.55.22:948][  0]LogConfig: Setting CVar [[r.VSync:0]]
[2020.04.28-08.55.22:948][  0]LogConfig: Setting CVar [[r.RHICmdBypass:0]]
[2020.04.28-08.55.22:948][  0]LogConfig: Applying CVar settings from Section [/Script/Engine.RendererSettings] File [C:/Users/User/Documents/GitHub/UnrealProjectVGL/Saved/Config/Windows/Engine.ini]
[2020.04.28-08.55.22:948][  0]LogConfig: Setting CVar [[r.GPUCrashDebugging:0]]
[2020.04.28-08.55.22:948][  0]LogConfig: Applying CVar settings from Section [/Script/Engine.RendererOverrideSettings] File [C:/Users/User/Documents/GitHub/UnrealProjectVGL/Saved/Config/Windows/Engine.ini]
[2020.04.28-08.55.22:948][  0]LogConfig: Applying CVar settings from Section [/Script/Engine.StreamingSettings] File [C:/Users/User/Documents/GitHub/UnrealProjectVGL/Saved/Config/Windows/Engine.ini]
[2020.04.28-08.55.22:948][  0]LogConfig: Setting CVar [[s.MinBulkDataSizeForAsyncLoading:131072]]
[2020.04.28-08.55.22:948][  0]LogConfig: Setting CVar [[s.AsyncLoadingThreadEnabled:0]]
[2020.04.28-08.55.22:948][  0]LogConfig: Setting CVar [[s.EventDrivenLoaderEnabled:1]]
[2020.04.28-08.55.22:948][  0]LogConfig: Setting CVar [[s.WarnIfTimeLimitExceeded:0]]
[2020.04.28-08.55.22:948][  0]LogConfig: Setting CVar [[s.TimeLimitExceededMultiplier:1.5]]
[2020.04.28-08.55.22:948][  0]LogConfig: Setting CVar [[s.TimeLimitExceededMinTime:0.005]]
[2020.04.28-08.55.22:948][  0]LogConfig: Setting CVar [[s.UseBackgroundLevelStreaming:1]]
[2020.04.28-08.55.22:948][  0]LogConfig: Setting CVar [[s.PriorityAsyncLoadingExtraTime:15.0]]
[2020.04.28-08.55.22:948][  0]LogConfig: Setting CVar [[s.LevelStreamingActorsUpdateTimeLimit:5.0]]
[2020.04.28-08.55.22:948][  0]LogConfig: Setting CVar [[s.PriorityLevelStreamingActorsUpdateExtraTime:5.0]]
[2020.04.28-08.55.22:948][  0]LogConfig: Setting CVar [[s.LevelStreamingComponentsRegistrationGranularity:10]]
[2020.04.28-08.55.22:948][  0]LogConfig: Setting CVar [[s.UnregisterComponentsTimeLimit:1.0]]
[2020.04.28-08.55.22:948][  0]LogConfig: Setting CVar [[s.LevelStreamingComponentsUnregistrationGranularity:5]]
[2020.04.28-08.55.22:948][  0]LogConfig: Setting CVar [[s.FlushStreamingOnExit:1]]
[2020.04.28-08.55.22:948][  0]LogConfig: Applying CVar settings from Section [/Script/Engine.GarbageCollectionSettings] File [C:/Users/User/Documents/GitHub/UnrealProjectVGL/Saved/Config/Windows/Engine.ini]
[2020.04.28-08.55.22:948][  0]LogConfig: Setting CVar [[gc.MaxObjectsNotConsideredByGC:1]]
[2020.04.28-08.55.22:948][  0]LogConfig: Setting CVar [[gc.SizeOfPermanentObjectPool:0]]
[2020.04.28-08.55.22:948][  0]LogConfig: Setting CVar [[gc.FlushStreamingOnGC:0]]
[2020.04.28-08.55.22:948][  0]LogConfig: Setting CVar [[gc.NumRetriesBeforeForcingGC:10]]
[2020.04.28-08.55.22:948][  0]LogConfig: Setting CVar [[gc.AllowParallelGC:1]]
[2020.04.28-08.55.22:948][  0]LogConfig: Setting CVar [[gc.TimeBetweenPurgingPendingKillObjects:61.1]]
[2020.04.28-08.55.22:948][  0]LogConfig: Setting CVar [[gc.MaxObjectsInEditor:25165824]]
[2020.04.28-08.55.22:948][  0]LogConfig: Setting CVar [[gc.IncrementalBeginDestroyEnabled:1]]
[2020.04.28-08.55.22:948][  0]LogConfig: Setting CVar [[gc.CreateGCClusters:1]]
[2020.04.28-08.55.22:949][  0]LogConfig: Setting CVar [[gc.MinGCClusterSize:5]]
[2020.04.28-08.55.22:949][  0]LogConfig: Setting CVar [[gc.ActorClusteringEnabled:0]]
[2020.04.28-08.55.22:949][  0]LogConfig: Setting CVar [[gc.BlueprintClusteringEnabled:0]]
[2020.04.28-08.55.22:949][  0]LogConfig: Setting CVar [[gc.UseDisregardForGCOnDedicatedServers:0]]
[2020.04.28-08.55.22:949][  0]LogConfig: Applying CVar settings from Section [/Script/Engine.NetworkSettings] File [C:/Users/User/Documents/GitHub/UnrealProjectVGL/Saved/Config/Windows/Engine.ini]
[2020.04.28-08.55.22:949][  0]LogConfig: Applying CVar settings from Section [/Script/UnrealEd.CookerSettings] File [C:/Users/User/Documents/GitHub/UnrealProjectVGL/Saved/Config/Windows/Engine.ini]
[2020.04.28-08.55.22:953][  0]LogConfig: Applying CVar settings from Section [ViewDistanceQuality@3] File [C:/Users/User/Documents/GitHub/UnrealProjectVGL/Saved/Config/Windows/Scalability.ini]
[2020.04.28-08.55.22:953][  0]LogConfig: Setting CVar [[r.SkeletalMeshLODBias:0]]
[2020.04.28-08.55.22:953][  0]LogConfig: Setting CVar [[r.ViewDistanceScale:1.0]]
[2020.04.28-08.55.22:953][  0]LogConfig: Applying CVar settings from Section [AntiAliasingQuality@3] File [C:/Users/User/Documents/GitHub/UnrealProjectVGL/Saved/Config/Windows/Scalability.ini]
[2020.04.28-08.55.22:953][  0]LogConfig: Setting CVar [[r.PostProcessAAQuality:4]]
[2020.04.28-08.55.22:953][  0]LogConfig: Applying CVar settings from Section [ShadowQuality@3] File [C:/Users/User/Documents/GitHub/UnrealProjectVGL/Saved/Config/Windows/Scalability.ini]
[2020.04.28-08.55.22:953][  0]LogConfig: Setting CVar [[r.LightFunctionQuality:1]]
[2020.04.28-08.55.22:953][  0]LogConfig: Setting CVar [[r.ShadowQuality:5]]
[2020.04.28-08.55.22:953][  0]LogConfig: Setting CVar [[r.Shadow.CSM.MaxCascades:10]]
[2020.04.28-08.55.22:953][  0]LogConfig: Setting CVar [[r.Shadow.MaxResolution:2048]]
[2020.04.28-08.55.22:953][  0]LogConfig: Setting CVar [[r.Shadow.MaxCSMResolution:2048]]
[2020.04.28-08.55.22:953][  0]LogConfig: Setting CVar [[r.Shadow.RadiusThreshold:0.01]]
[2020.04.28-08.55.22:953][  0]LogConfig: Setting CVar [[r.Shadow.DistanceScale:1.0]]
[2020.04.28-08.55.22:953][  0]LogConfig: Setting CVar [[r.Shadow.CSM.TransitionScale:1.0]]
[2020.04.28-08.55.22:953][  0]LogConfig: Setting CVar [[r.Shadow.PreShadowResolutionFactor:1.0]]
[2020.04.28-08.55.22:953][  0]LogConfig: Setting CVar [[r.DistanceFieldShadowing:1]]
[2020.04.28-08.55.22:953][  0]LogConfig: Setting CVar [[r.DistanceFieldAO:1]]
[2020.04.28-08.55.22:953][  0]LogConfig: Setting CVar [[r.AOQuality:2]]
[2020.04.28-08.55.22:953][  0]LogConfig: Setting CVar [[r.VolumetricFog:1]]
[2020.04.28-08.55.22:953][  0]LogConfig: Setting CVar [[r.VolumetricFog.GridPixelSize:8]]
[2020.04.28-08.55.22:953][  0]LogConfig: Setting CVar [[r.VolumetricFog.GridSizeZ:128]]
[2020.04.28-08.55.22:953][  0]LogConfig: Setting CVar [[r.VolumetricFog.HistoryMissSupersampleCount:4]]
[2020.04.28-08.55.22:953][  0]LogConfig: Setting CVar [[r.LightMaxDrawDistanceScale:1]]
[2020.04.28-08.55.22:953][  0]LogConfig: Setting CVar [[r.CapsuleShadows:1]]
[2020.04.28-08.55.22:953][  0]LogConfig: Applying CVar settings from Section [PostProcessQuality@3] File [C:/Users/User/Documents/GitHub/UnrealProjectVGL/Saved/Config/Windows/Scalability.ini]
[2020.04.28-08.55.22:953][  0]LogConfig: Setting CVar [[r.MotionBlurQuality:4]]
[2020.04.28-08.55.22:953][  0]LogConfig: Setting CVar [[r.AmbientOcclusionMipLevelFactor:0.4]]
[2020.04.28-08.55.22:953][  0]LogConfig: Setting CVar [[r.AmbientOcclusionMaxQuality:100]]
[2020.04.28-08.55.22:953][  0]LogConfig: Setting CVar [[r.AmbientOcclusionLevels:-1]]
[2020.04.28-08.55.22:953][  0]LogConfig: Setting CVar [[r.AmbientOcclusionRadiusScale:1.0]]
[2020.04.28-08.55.22:953][  0]LogConfig: Setting CVar [[r.DepthOfFieldQuality:2]]
[2020.04.28-08.55.22:953][  0]LogConfig: Setting CVar [[r.RenderTargetPoolMin:400]]
[2020.04.28-08.55.22:953][  0]LogConfig: Setting CVar [[r.LensFlareQuality:2]]
[2020.04.28-08.55.22:953][  0]LogConfig: Setting CVar [[r.SceneColorFringeQuality:1]]
[2020.04.28-08.55.22:953][  0]LogConfig: Setting CVar [[r.EyeAdaptationQuality:2]]
[2020.04.28-08.55.22:953][  0]LogConfig: Setting CVar [[r.BloomQuality:5]]
[2020.04.28-08.55.22:953][  0]LogConfig: Setting CVar [[r.FastBlurThreshold:100]]
[2020.04.28-08.55.22:953][  0]LogConfig: Setting CVar [[r.Upscale.Quality:3]]
[2020.04.28-08.55.22:953][  0]LogConfig: Setting CVar [[r.Tonemapper.GrainQuantization:1]]
[2020.04.28-08.55.22:953][  0]LogConfig: Setting CVar [[r.LightShaftQuality:1]]
[2020.04.28-08.55.22:953][  0]LogConfig: Setting CVar [[r.Filter.SizeScale:1]]
[2020.04.28-08.55.22:953][  0]LogConfig: Setting CVar [[r.Tonemapper.Quality:5]]
[2020.04.28-08.55.22:953][  0]LogConfig: Setting CVar [[r.DOF.Gather.AccumulatorQuality:1        ; higher gathering accumulator quality]]
[2020.04.28-08.55.22:953][  0]LogConfig: Setting CVar [[r.DOF.Gather.PostfilterMethod:1          ; Median3x3 postfilering method]]
[2020.04.28-08.55.22:953][  0]LogConfig: Setting CVar [[r.DOF.Gather.EnableBokehSettings:0       ; no bokeh simulation when gathering]]
[2020.04.28-08.55.22:953][  0]LogConfig: Setting CVar [[r.DOF.Gather.RingCount:4                 ; medium number of samples when gathering]]
[2020.04.28-08.55.22:953][  0]LogConfig: Setting CVar [[r.DOF.Scatter.ForegroundCompositing:1    ; additive foreground scattering]]
[2020.04.28-08.55.22:953][  0]LogConfig: Setting CVar [[r.DOF.Scatter.BackgroundCompositing:2    ; additive background scattering]]
[2020.04.28-08.55.22:953][  0]LogConfig: Setting CVar [[r.DOF.Scatter.EnableBokehSettings:1      ; bokeh simulation when scattering]]
[2020.04.28-08.55.22:953][  0]LogConfig: Setting CVar [[r.DOF.Scatter.MaxSpriteRatio:0.1         ; only a maximum of 10% of scattered bokeh]]
[2020.04.28-08.55.22:953][  0]LogConfig: Setting CVar [[r.DOF.Recombine.Quality:1                ; cheap slight out of focus]]
[2020.04.28-08.55.22:954][  0]LogConfig: Setting CVar [[r.DOF.Recombine.EnableBokehSettings:0    ; no bokeh simulation on slight out of focus]]
[2020.04.28-08.55.22:954][  0]LogConfig: Setting CVar [[r.DOF.TemporalAAQuality:1                ; more stable temporal accumulation]]
[2020.04.28-08.55.22:954][  0]LogConfig: Setting CVar [[r.DOF.Kernel.MaxForegroundRadius:0.025]]
[2020.04.28-08.55.22:954][  0]LogConfig: Setting CVar [[r.DOF.Kernel.MaxBackgroundRadius:0.025]]
[2020.04.28-08.55.22:954][  0]LogConfig: Applying CVar settings from Section [TextureQuality@3] File [C:/Users/User/Documents/GitHub/UnrealProjectVGL/Saved/Config/Windows/Scalability.ini]
[2020.04.28-08.55.22:954][  0]LogConfig: Setting CVar [[r.Streaming.MipBias:0]]
[2020.04.28-08.55.22:954][  0]LogConfig: Setting CVar [[r.Streaming.AmortizeCPUToGPUCopy:0]]
[2020.04.28-08.55.22:954][  0]LogConfig: Setting CVar [[r.Streaming.MaxNumTexturesToStreamPerFrame:0]]
[2020.04.28-08.55.22:954][  0]LogConfig: Setting CVar [[r.Streaming.Boost:1]]
[2020.04.28-08.55.22:954][  0]LogConfig: Setting CVar [[r.MaxAnisotropy:8]]
[2020.04.28-08.55.22:954][  0]LogConfig: Setting CVar [[r.VT.MaxAnisotropy:8]]
[2020.04.28-08.55.22:954][  0]LogConfig: Setting CVar [[r.Streaming.LimitPoolSizeToVRAM:0]]
[2020.04.28-08.55.22:954][  0]LogConfig: Setting CVar [[r.Streaming.PoolSize:1000]]
[2020.04.28-08.55.22:954][  0]LogConfig: Setting CVar [[r.Streaming.MaxEffectiveScreenSize:0]]
[2020.04.28-08.55.22:954][  0]LogConfig: Applying CVar settings from Section [EffectsQuality@3] File [C:/Users/User/Documents/GitHub/UnrealProjectVGL/Saved/Config/Windows/Scalability.ini]
[2020.04.28-08.55.22:954][  0]LogConfig: Setting CVar [[r.TranslucencyLightingVolumeDim:64]]
[2020.04.28-08.55.22:954][  0]LogConfig: Setting CVar [[r.RefractionQuality:2]]
[2020.04.28-08.55.22:954][  0]LogConfig: Setting CVar [[r.SSR.Quality:3]]
[2020.04.28-08.55.22:954][  0]LogConfig: Setting CVar [[r.SSR.HalfResSceneColor:0]]
[2020.04.28-08.55.22:954][  0]LogConfig: Setting CVar [[r.SceneColorFormat:4]]
[2020.04.28-08.55.22:954][  0]LogConfig: Setting CVar [[r.DetailMode:2]]
[2020.04.28-08.55.22:954][  0]LogConfig: Setting CVar [[r.TranslucencyVolumeBlur:1]]
[2020.04.28-08.55.22:954][  0]LogConfig: Setting CVar [[r.MaterialQualityLevel:1 ; High quality]]
[2020.04.28-08.55.22:954][  0]LogConfig: Setting CVar [[r.SSS.Scale:1]]
[2020.04.28-08.55.22:954][  0]LogConfig: Setting CVar [[r.SSS.SampleSet:2]]
[2020.04.28-08.55.22:954][  0]LogConfig: Setting CVar [[r.SSS.Quality:1]]
[2020.04.28-08.55.22:954][  0]LogConfig: Setting CVar [[r.SSS.HalfRes:1]]
[2020.04.28-08.55.22:954][  0]LogConfig: Setting CVar [[r.SSGI.Quality:3]]
[2020.04.28-08.55.22:954][  0]LogConfig: Setting CVar [[r.EmitterSpawnRateScale:1.0]]
[2020.04.28-08.55.22:954][  0]LogConfig: Setting CVar [[r.ParticleLightQuality:2]]
[2020.04.28-08.55.22:954][  0]LogConfig: Setting CVar [[r.SkyAtmosphere.AerialPerspectiveLUT.FastApplyOnOpaque:1 ; Always have FastSkyLUT 1 in this case to avoid wrong sky]]
[2020.04.28-08.55.22:954][  0]LogConfig: Setting CVar [[r.SkyAtmosphere.AerialPerspectiveLUT.SampleCountPerSlice:1]]
[2020.04.28-08.55.22:954][  0]LogConfig: Setting CVar [[r.SkyAtmosphere.AerialPerspectiveLUT.DepthResolution:16.0]]
[2020.04.28-08.55.22:954][  0]LogConfig: Setting CVar [[r.SkyAtmosphere.FastSkyLUT:1]]
[2020.04.28-08.55.22:954][  0]LogConfig: Setting CVar [[r.SkyAtmosphere.FastSkyLUT.SampleCountMin:4.0]]
[2020.04.28-08.55.22:954][  0]LogConfig: Setting CVar [[r.SkyAtmosphere.FastSkyLUT.SampleCountMax:32.0]]
[2020.04.28-08.55.22:954][  0]LogConfig: Setting CVar [[r.SkyAtmosphere.SampleCountMin:4.0]]
[2020.04.28-08.55.22:954][  0]LogConfig: Setting CVar [[r.SkyAtmosphere.SampleCountMax:32.0]]
[2020.04.28-08.55.22:954][  0]LogConfig: Setting CVar [[r.SkyAtmosphere.TransmittanceLUT.UseSmallFormat:0]]
[2020.04.28-08.55.22:954][  0]LogConfig: Setting CVar [[r.SkyAtmosphere.TransmittanceLUT.SampleCount:10.0]]
[2020.04.28-08.55.22:954][  0]LogConfig: Setting CVar [[r.SkyAtmosphere.MultiScatteringLUT.SampleCount:15.0]]
[2020.04.28-08.55.22:954][  0]LogConfig: Applying CVar settings from Section [FoliageQuality@3] File [C:/Users/User/Documents/GitHub/UnrealProjectVGL/Saved/Config/Windows/Scalability.ini]
[2020.04.28-08.55.22:954][  0]LogConfig: Setting CVar [[foliage.DensityScale:1.0]]
[2020.04.28-08.55.22:954][  0]LogConfig: Setting CVar [[grass.DensityScale:1.0]]
[2020.04.28-08.55.22:954][  0]LogConfig: Applying CVar settings from Section [ShadingQuality@3] File [C:/Users/User/Documents/GitHub/UnrealProjectVGL/Saved/Config/Windows/Scalability.ini]
[2020.04.28-08.55.22:954][  0]LogConfig: Setting CVar [[r.HairStrands.SkyLighting.SampleCount:16]]
[2020.04.28-08.55.22:954][  0]LogConfig: Setting CVar [[r.HairStrands.SkyLighting.JitterIntegration:0]]
[2020.04.28-08.55.22:954][  0]LogConfig: Setting CVar [[r.HairStrands.SkyAO.SampleCount:16]]
[2020.04.28-08.55.22:954][  0]LogInit: Selected Device Profile: [Windows]
[2020.04.28-08.55.22:954][  0]LogInit: Applying CVar settings loaded from the selected device profile: [Windows]
[2020.04.28-08.55.22:956][  0]LogHAL: Display: Platform has ~ 16 GB [17054289920 / 17179869184 / 16], which maps to Larger [LargestMinGB=32, LargerMinGB=12, DefaultMinGB=8, SmallerMinGB=6, SmallestMinGB=0)
[2020.04.28-08.55.22:956][  0]LogInit: Going up to parent DeviceProfile []
[2020.04.28-08.55.22:956][  0]LogConfig: Applying CVar settings from Section [ViewDistanceQuality@3] File [C:/Users/User/Documents/GitHub/UnrealProjectVGL/Saved/Config/Windows/Scalability.ini]
[2020.04.28-08.55.22:956][  0]LogConfig: Setting CVar [[r.SkeletalMeshLODBias:0]]
[2020.04.28-08.55.22:956][  0]LogConfig: Setting CVar [[r.ViewDistanceScale:1.0]]
[2020.04.28-08.55.22:956][  0]LogConfig: Applying CVar settings from Section [AntiAliasingQuality@3] File [C:/Users/User/Documents/GitHub/UnrealProjectVGL/Saved/Config/Windows/Scalability.ini]
[2020.04.28-08.55.22:956][  0]LogConfig: Setting CVar [[r.PostProcessAAQuality:4]]
[2020.04.28-08.55.22:956][  0]LogConfig: Applying CVar settings from Section [ShadowQuality@3] File [C:/Users/User/Documents/GitHub/UnrealProjectVGL/Saved/Config/Windows/Scalability.ini]
[2020.04.28-08.55.22:956][  0]LogConfig: Setting CVar [[r.LightFunctionQuality:1]]
[2020.04.28-08.55.22:956][  0]LogConfig: Setting CVar [[r.ShadowQuality:5]]
[2020.04.28-08.55.22:956][  0]LogConfig: Setting CVar [[r.Shadow.CSM.MaxCascades:10]]
[2020.04.28-08.55.22:956][  0]LogConfig: Setting CVar [[r.Shadow.MaxResolution:2048]]
[2020.04.28-08.55.22:956][  0]LogConfig: Setting CVar [[r.Shadow.MaxCSMResolution:2048]]
[2020.04.28-08.55.22:956][  0]LogConfig: Setting CVar [[r.Shadow.RadiusThreshold:0.01]]
[2020.04.28-08.55.22:956][  0]LogConfig: Setting CVar [[r.Shadow.DistanceScale:1.0]]
[2020.04.28-08.55.22:957][  0]LogConfig: Setting CVar [[r.Shadow.CSM.TransitionScale:1.0]]
[2020.04.28-08.55.22:957][  0]LogConfig: Setting CVar [[r.Shadow.PreShadowResolutionFactor:1.0]]
[2020.04.28-08.55.22:957][  0]LogConfig: Setting CVar [[r.DistanceFieldShadowing:1]]
[2020.04.28-08.55.22:957][  0]LogConfig: Setting CVar [[r.DistanceFieldAO:1]]
[2020.04.28-08.55.22:957][  0]LogConfig: Setting CVar [[r.AOQuality:2]]
[2020.04.28-08.55.22:957][  0]LogConfig: Setting CVar [[r.VolumetricFog:1]]
[2020.04.28-08.55.22:957][  0]LogConfig: Setting CVar [[r.VolumetricFog.GridPixelSize:8]]
[2020.04.28-08.55.22:957][  0]LogConfig: Setting CVar [[r.VolumetricFog.GridSizeZ:128]]
[2020.04.28-08.55.22:957][  0]LogConfig: Setting CVar [[r.VolumetricFog.HistoryMissSupersampleCount:4]]
[2020.04.28-08.55.22:957][  0]LogConfig: Setting CVar [[r.LightMaxDrawDistanceScale:1]]
[2020.04.28-08.55.22:957][  0]LogConfig: Setting CVar [[r.CapsuleShadows:1]]
[2020.04.28-08.55.22:957][  0]LogConfig: Applying CVar settings from Section [PostProcessQuality@3] File [C:/Users/User/Documents/GitHub/UnrealProjectVGL/Saved/Config/Windows/Scalability.ini]
[2020.04.28-08.55.22:957][  0]LogConfig: Setting CVar [[r.MotionBlurQuality:4]]
[2020.04.28-08.55.22:957][  0]LogConfig: Setting CVar [[r.AmbientOcclusionMipLevelFactor:0.4]]
[2020.04.28-08.55.22:957][  0]LogConfig: Setting CVar [[r.AmbientOcclusionMaxQuality:100]]
[2020.04.28-08.55.22:957][  0]LogConfig: Setting CVar [[r.AmbientOcclusionLevels:-1]]
[2020.04.28-08.55.22:957][  0]LogConfig: Setting CVar [[r.AmbientOcclusionRadiusScale:1.0]]
[2020.04.28-08.55.22:957][  0]LogConfig: Setting CVar [[r.DepthOfFieldQuality:2]]
[2020.04.28-08.55.22:957][  0]LogConfig: Setting CVar [[r.RenderTargetPoolMin:400]]
[2020.04.28-08.55.22:957][  0]LogConfig: Setting CVar [[r.LensFlareQuality:2]]
[2020.04.28-08.55.22:957][  0]LogConfig: Setting CVar [[r.SceneColorFringeQuality:1]]
[2020.04.28-08.55.22:957][  0]LogConfig: Setting CVar [[r.EyeAdaptationQuality:2]]
[2020.04.28-08.55.22:957][  0]LogConfig: Setting CVar [[r.BloomQuality:5]]
[2020.04.28-08.55.22:957][  0]LogConfig: Setting CVar [[r.FastBlurThreshold:100]]
[2020.04.28-08.55.22:957][  0]LogConfig: Setting CVar [[r.Upscale.Quality:3]]
[2020.04.28-08.55.22:957][  0]LogConfig: Setting CVar [[r.Tonemapper.GrainQuantization:1]]
[2020.04.28-08.55.22:957][  0]LogConfig: Setting CVar [[r.LightShaftQuality:1]]
[2020.04.28-08.55.22:957][  0]LogConfig: Setting CVar [[r.Filter.SizeScale:1]]
[2020.04.28-08.55.22:957][  0]LogConfig: Setting CVar [[r.Tonemapper.Quality:5]]
[2020.04.28-08.55.22:957][  0]LogConfig: Setting CVar [[r.DOF.Gather.AccumulatorQuality:1        ; higher gathering accumulator quality]]
[2020.04.28-08.55.22:957][  0]LogConfig: Setting CVar [[r.DOF.Gather.PostfilterMethod:1          ; Median3x3 postfilering method]]
[2020.04.28-08.55.22:957][  0]LogConfig: Setting CVar [[r.DOF.Gather.EnableBokehSettings:0       ; no bokeh simulation when gathering]]
[2020.04.28-08.55.22:957][  0]LogConfig: Setting CVar [[r.DOF.Gather.RingCount:4                 ; medium number of samples when gathering]]
[2020.04.28-08.55.22:957][  0]LogConfig: Setting CVar [[r.DOF.Scatter.ForegroundCompositing:1    ; additive foreground scattering]]
[2020.04.28-08.55.22:957][  0]LogConfig: Setting CVar [[r.DOF.Scatter.BackgroundCompositing:2    ; additive background scattering]]
[2020.04.28-08.55.22:957][  0]LogConfig: Setting CVar [[r.DOF.Scatter.EnableBokehSettings:1      ; bokeh simulation when scattering]]
[2020.04.28-08.55.22:957][  0]LogConfig: Setting CVar [[r.DOF.Scatter.MaxSpriteRatio:0.1         ; only a maximum of 10% of scattered bokeh]]
[2020.04.28-08.55.22:957][  0]LogConfig: Setting CVar [[r.DOF.Recombine.Quality:1                ; cheap slight out of focus]]
[2020.04.28-08.55.22:957][  0]LogConfig: Setting CVar [[r.DOF.Recombine.EnableBokehSettings:0    ; no bokeh simulation on slight out of focus]]
[2020.04.28-08.55.22:957][  0]LogConfig: Setting CVar [[r.DOF.TemporalAAQuality:1                ; more stable temporal accumulation]]
[2020.04.28-08.55.22:957][  0]LogConfig: Setting CVar [[r.DOF.Kernel.MaxForegroundRadius:0.025]]
[2020.04.28-08.55.22:957][  0]LogConfig: Setting CVar [[r.DOF.Kernel.MaxBackgroundRadius:0.025]]
[2020.04.28-08.55.22:957][  0]LogConfig: Applying CVar settings from Section [TextureQuality@3] File [C:/Users/User/Documents/GitHub/UnrealProjectVGL/Saved/Config/Windows/Scalability.ini]
[2020.04.28-08.55.22:957][  0]LogConfig: Setting CVar [[r.Streaming.MipBias:0]]
[2020.04.28-08.55.22:957][  0]LogConfig: Setting CVar [[r.Streaming.AmortizeCPUToGPUCopy:0]]
[2020.04.28-08.55.22:957][  0]LogConfig: Setting CVar [[r.Streaming.MaxNumTexturesToStreamPerFrame:0]]
[2020.04.28-08.55.22:957][  0]LogConfig: Setting CVar [[r.Streaming.Boost:1]]
[2020.04.28-08.55.22:957][  0]LogConfig: Setting CVar [[r.MaxAnisotropy:8]]
[2020.04.28-08.55.22:957][  0]LogConfig: Setting CVar [[r.VT.MaxAnisotropy:8]]
[2020.04.28-08.55.22:957][  0]LogConfig: Setting CVar [[r.Streaming.LimitPoolSizeToVRAM:0]]
[2020.04.28-08.55.22:957][  0]LogConfig: Setting CVar [[r.Streaming.PoolSize:1000]]
[2020.04.28-08.55.22:957][  0]LogConfig: Setting CVar [[r.Streaming.MaxEffectiveScreenSize:0]]
[2020.04.28-08.55.22:957][  0]LogConfig: Applying CVar settings from Section [EffectsQuality@3] File [C:/Users/User/Documents/GitHub/UnrealProjectVGL/Saved/Config/Windows/Scalability.ini]
[2020.04.28-08.55.22:957][  0]LogConfig: Setting CVar [[r.TranslucencyLightingVolumeDim:64]]
[2020.04.28-08.55.22:957][  0]LogConfig: Setting CVar [[r.RefractionQuality:2]]
[2020.04.28-08.55.22:957][  0]LogConfig: Setting CVar [[r.SSR.Quality:3]]
[2020.04.28-08.55.22:957][  0]LogConfig: Setting CVar [[r.SSR.HalfResSceneColor:0]]
[2020.04.28-08.55.22:957][  0]LogConfig: Setting CVar [[r.SceneColorFormat:4]]
[2020.04.28-08.55.22:957][  0]LogConfig: Setting CVar [[r.DetailMode:2]]
[2020.04.28-08.55.22:957][  0]LogConfig: Setting CVar [[r.TranslucencyVolumeBlur:1]]
[2020.04.28-08.55.22:957][  0]LogConfig: Setting CVar [[r.MaterialQualityLevel:1 ; High quality]]
[2020.04.28-08.55.22:957][  0]LogConfig: Setting CVar [[r.SSS.Scale:1]]
[2020.04.28-08.55.22:957][  0]LogConfig: Setting CVar [[r.SSS.SampleSet:2]]
[2020.04.28-08.55.22:957][  0]LogConfig: Setting CVar [[r.SSS.Quality:1]]
[2020.04.28-08.55.22:957][  0]LogConfig: Setting CVar [[r.SSS.HalfRes:1]]
[2020.04.28-08.55.22:957][  0]LogConfig: Setting CVar [[r.SSGI.Quality:3]]
[2020.04.28-08.55.22:957][  0]LogConfig: Setting CVar [[r.EmitterSpawnRateScale:1.0]]
[2020.04.28-08.55.22:957][  0]LogConfig: Setting CVar [[r.ParticleLightQuality:2]]
[2020.04.28-08.55.22:957][  0]LogConfig: Setting CVar [[r.SkyAtmosphere.AerialPerspectiveLUT.FastApplyOnOpaque:1 ; Always have FastSkyLUT 1 in this case to avoid wrong sky]]
[2020.04.28-08.55.22:957][  0]LogConfig: Setting CVar [[r.SkyAtmosphere.AerialPerspectiveLUT.SampleCountPerSlice:1]]
[2020.04.28-08.55.22:957][  0]LogConfig: Setting CVar [[r.SkyAtmosphere.AerialPerspectiveLUT.DepthResolution:16.0]]
[2020.04.28-08.55.22:957][  0]LogConfig: Setting CVar [[r.SkyAtmosphere.FastSkyLUT:1]]
[2020.04.28-08.55.22:957][  0]LogConfig: Setting CVar [[r.SkyAtmosphere.FastSkyLUT.SampleCountMin:4.0]]
[2020.04.28-08.55.22:957][  0]LogConfig: Setting CVar [[r.SkyAtmosphere.FastSkyLUT.SampleCountMax:32.0]]
[2020.04.28-08.55.22:957][  0]LogConfig: Setting CVar [[r.SkyAtmosphere.SampleCountMin:4.0]]
[2020.04.28-08.55.22:957][  0]LogConfig: Setting CVar [[r.SkyAtmosphere.SampleCountMax:32.0]]
[2020.04.28-08.55.22:957][  0]LogConfig: Setting CVar [[r.SkyAtmosphere.TransmittanceLUT.UseSmallFormat:0]]
[2020.04.28-08.55.22:957][  0]LogConfig: Setting CVar [[r.SkyAtmosphere.TransmittanceLUT.SampleCount:10.0]]
[2020.04.28-08.55.22:957][  0]LogConfig: Setting CVar [[r.SkyAtmosphere.MultiScatteringLUT.SampleCount:15.0]]
[2020.04.28-08.55.22:957][  0]LogConfig: Applying CVar settings from Section [FoliageQuality@3] File [C:/Users/User/Documents/GitHub/UnrealProjectVGL/Saved/Config/Windows/Scalability.ini]
[2020.04.28-08.55.22:957][  0]LogConfig: Setting CVar [[foliage.DensityScale:1.0]]
[2020.04.28-08.55.22:957][  0]LogConfig: Setting CVar [[grass.DensityScale:1.0]]
[2020.04.28-08.55.22:958][  0]LogConfig: Applying CVar settings from Section [ShadingQuality@3] File [C:/Users/User/Documents/GitHub/UnrealProjectVGL/Saved/Config/Windows/Scalability.ini]
[2020.04.28-08.55.22:958][  0]LogConfig: Setting CVar [[r.HairStrands.SkyLighting.SampleCount:16]]
[2020.04.28-08.55.22:958][  0]LogConfig: Setting CVar [[r.HairStrands.SkyLighting.JitterIntegration:0]]
[2020.04.28-08.55.22:958][  0]LogConfig: Setting CVar [[r.HairStrands.SkyAO.SampleCount:16]]
[2020.04.28-08.55.22:958][  0]LogConfig: Applying CVar settings from Section [Startup] File [../../../Engine/Config/ConsoleVariables.ini]
[2020.04.28-08.55.22:958][  0]LogConfig: Setting CVar [[net.UseAdaptiveNetUpdateFrequency:0]]
[2020.04.28-08.55.22:958][  0]LogConfig: Setting CVar [[p.chaos.AllowCreatePhysxBodies:1]]
[2020.04.28-08.55.22:958][  0]LogConfig: Applying CVar settings from Section [ConsoleVariables] File [C:/Users/User/Documents/GitHub/UnrealProjectVGL/Saved/Config/Windows/Engine.ini]
[2020.04.28-08.55.22:958][  0]LogInit: Computer: LAPTOP-MEC18DP7
[2020.04.28-08.55.22:958][  0]LogInit: User: User
[2020.04.28-08.55.22:958][  0]LogInit: CPU Page size=4096, Cores=4
[2020.04.28-08.55.22:958][  0]LogInit: High frequency timer resolution =10.000000 MHz
[2020.04.28-08.55.22:958][  0]LogMemory: Memory total: Physical=15.9GB (16GB approx)
[2020.04.28-08.55.22:958][  0]LogMemory: Platform Memory Stats for Windows
[2020.04.28-08.55.22:958][  0]LogMemory: Process Physical Memory: 109.48 MB used, 109.48 MB peak
[2020.04.28-08.55.22:958][  0]LogMemory: Process Virtual Memory: 108.92 MB used, 108.92 MB peak
[2020.04.28-08.55.22:958][  0]LogMemory: Physical Memory: 6113.69 MB used,  10150.55 MB free, 16264.24 MB total
[2020.04.28-08.55.22:958][  0]LogMemory: Virtual Memory: 5170.20 MB used,  134212560.00 MB free, 134217728.00 MB total
[2020.04.28-08.55.22:959][  0]LogWindows: WindowsPlatformFeatures enabled
[2020.04.28-08.55.22:975][  0]LogInit: Using OS detected language (sv-SE).
[2020.04.28-08.55.22:975][  0]LogInit: Using OS detected locale (sv-SE).
[2020.04.28-08.55.22:975][  0]LogTextLocalizationManager: No localization for 'sv-SE' exists, so 'en' will be used for the language.
[2020.04.28-08.55.23:106][  0]LogInit: Setting process to per monitor DPI aware
[2020.04.28-08.55.23:142][  0]LogSlate: New Slate User Created.  User Index 0, Is Virtual User: 0
[2020.04.28-08.55.23:142][  0]LogSlate: Slate User Registered.  User Index 0, Is Virtual User: 0
[2020.04.28-08.55.23:421][  0]LogD3D11RHI: D3D11 min allowed feature level: 11_0
[2020.04.28-08.55.23:421][  0]LogD3D11RHI: D3D11 max allowed feature level: 11_0
[2020.04.28-08.55.23:421][  0]LogD3D11RHI: D3D11 adapters:
[2020.04.28-08.55.23:472][  0]LogD3D11RHI:    0. 'NVIDIA GeForce GTX 1660 Ti' (Feature Level 11_0)
[2020.04.28-08.55.23:472][  0]LogD3D11RHI:       5991/0/8132 MB DedicatedVideo/DedicatedSystem/SharedSystem, Outputs:2, VendorId:0x10de
[2020.04.28-08.55.23:490][  0]LogD3D11RHI:    1. 'Intel(R) UHD Graphics 630' (Feature Level 11_0)
[2020.04.28-08.55.23:490][  0]LogD3D11RHI:       128/0/8132 MB DedicatedVideo/DedicatedSystem/SharedSystem, Outputs:0, VendorId:0x8086
[2020.04.28-08.55.23:492][  0]LogD3D11RHI:    2. 'Microsoft Basic Render Driver' (Feature Level 11_0)
[2020.04.28-08.55.23:492][  0]LogD3D11RHI:       0/0/8132 MB DedicatedVideo/DedicatedSystem/SharedSystem, Outputs:0, VendorId:0x1414
[2020.04.28-08.55.23:492][  0]LogD3D11RHI: Chosen D3D11 Adapter: 0
[2020.04.28-08.55.23:535][  0]LogD3D11RHI: Creating new Direct3DDevice
[2020.04.28-08.55.23:535][  0]LogD3D11RHI:     GPU DeviceId: 0x2191 (for the marketing name, search the web for "GPU Device Id")
[2020.04.28-08.55.23:535][  0]LogWindows: EnumDisplayDevices:
[2020.04.28-08.55.23:535][  0]LogWindows:    0. 'Intel(R) UHD Graphics 630' (P:1 D:1)
[2020.04.28-08.55.23:535][  0]LogWindows:    1. 'Intel(R) UHD Graphics 630' (P:0 D:0)
[2020.04.28-08.55.23:536][  0]LogWindows:    2. 'Intel(R) UHD Graphics 630' (P:0 D:0)
[2020.04.28-08.55.23:536][  0]LogWindows:    3. 'NVIDIA GeForce GTX 1660 Ti' (P:0 D:1)
[2020.04.28-08.55.23:536][  0]LogWindows:    4. 'NVIDIA GeForce GTX 1660 Ti' (P:0 D:0)
[2020.04.28-08.55.23:536][  0]LogWindows:    5. 'NVIDIA GeForce GTX 1660 Ti' (P:0 D:0)
[2020.04.28-08.55.23:536][  0]LogWindows:    6. 'NVIDIA GeForce GTX 1660 Ti' (P:0 D:0)
[2020.04.28-08.55.23:537][  0]LogWindows: DebugString: PrimaryIsNotTheChoosenAdapter PrimaryIsNotTheChoosenAdapter PrimaryIsNotTheChoosenAdapter FoundDriverCount:4 
[2020.04.28-08.55.23:537][  0]LogD3D11RHI:     Adapter Name: NVIDIA GeForce GTX 1660 Ti
[2020.04.28-08.55.23:537][  0]LogD3D11RHI:   Driver Version: 436.50 (internal:26.21.14.3650, unified:436.50)
[2020.04.28-08.55.23:537][  0]LogD3D11RHI:      Driver Date: 9-30-2019
[2020.04.28-08.55.23:537][  0]LogRHI: Texture pool is 4193 MB (70% of 5991 MB)
[2020.04.28-08.55.23:577][  0]LogD3D11RHI: RHI has support for 64 bit atomics
[2020.04.28-08.55.23:577][  0]LogD3D11RHI: Async texture creation enabled
[2020.04.28-08.55.23:637][  0]LogD3D11RHI: GPU Timing Frequency: 1000.000000 (Debug: 2 1)
[2020.04.28-08.55.23:901][  0]LogTargetPlatformManager: Display: Loaded TargetPlatform 'AllDesktop'
[2020.04.28-08.55.23:927][  0]LogTargetPlatformManager: Display: Loaded TargetPlatform 'Android'
[2020.04.28-08.55.23:927][  0]LogTargetPlatformManager: Display: Loaded TargetPlatform 'Android_ASTC'
[2020.04.28-08.55.23:927][  0]LogTargetPlatformManager: Display: Loaded TargetPlatform 'Android_ATC'
[2020.04.28-08.55.23:927][  0]LogTargetPlatformManager: Display: Loaded TargetPlatform 'Android_DXT'
[2020.04.28-08.55.23:927][  0]LogTargetPlatformManager: Display: Loaded TargetPlatform 'Android_ETC1'
[2020.04.28-08.55.23:927][  0]LogTargetPlatformManager: Display: Loaded TargetPlatform 'Android_ETC1a'
[2020.04.28-08.55.23:927][  0]LogTargetPlatformManager: Display: Loaded TargetPlatform 'Android_ETC2'
[2020.04.28-08.55.23:927][  0]LogTargetPlatformManager: Display: Loaded TargetPlatform 'Android_PVRTC'
[2020.04.28-08.55.23:927][  0]LogTargetPlatformManager: Display: Loaded TargetPlatform 'AndroidClient'
[2020.04.28-08.55.23:927][  0]LogTargetPlatformManager: Display: Loaded TargetPlatform 'Android_ASTCClient'
[2020.04.28-08.55.23:927][  0]LogTargetPlatformManager: Display: Loaded TargetPlatform 'Android_ATCClient'
[2020.04.28-08.55.23:927][  0]LogTargetPlatformManager: Display: Loaded TargetPlatform 'Android_DXTClient'
[2020.04.28-08.55.23:927][  0]LogTargetPlatformManager: Display: Loaded TargetPlatform 'Android_ETC1Client'
[2020.04.28-08.55.23:927][  0]LogTargetPlatformManager: Display: Loaded TargetPlatform 'Android_ETC1aClient'
[2020.04.28-08.55.23:927][  0]LogTargetPlatformManager: Display: Loaded TargetPlatform 'Android_ETC2Client'
[2020.04.28-08.55.23:927][  0]LogTargetPlatformManager: Display: Loaded TargetPlatform 'Android_PVRTCClient'
[2020.04.28-08.55.23:927][  0]LogTargetPlatformManager: Display: Loaded TargetPlatform 'Android_Multi'
[2020.04.28-08.55.23:927][  0]LogTargetPlatformManager: Display: Loaded TargetPlatform 'Android_MultiClient'
[2020.04.28-08.55.23:938][  0]LogTargetPlatformManager: Display: Loaded TargetPlatform 'HoloLens'
[2020.04.28-08.55.23:951][  0]LogTargetPlatformManager: Display: Loaded TargetPlatform 'IOSClient'
[2020.04.28-08.55.23:951][  0]LogTargetPlatformManager: Display: Loaded TargetPlatform 'IOS'
[2020.04.28-08.55.23:956][  0]LogTargetPlatformManager: Display: Loaded TargetPlatform 'LinuxNoEditor'
[2020.04.28-08.55.23:962][  0]LogTargetPlatformManager: Display: Loaded TargetPlatform 'LinuxClient'
[2020.04.28-08.55.23:968][  0]LogTargetPlatformManager: Display: Loaded TargetPlatform 'LinuxServer'
[2020.04.28-08.55.23:974][  0]LogTargetPlatformManager: Display: Loaded TargetPlatform 'LinuxAArch64NoEditor'
[2020.04.28-08.55.23:980][  0]LogTargetPlatformManager: Display: Loaded TargetPlatform 'LinuxAArch64Client'
[2020.04.28-08.55.23:986][  0]LogTargetPlatformManager: Display: Loaded TargetPlatform 'LinuxAArch64Server'
[2020.04.28-08.55.24:007][  0]LogTargetPlatformManager: Display: Loaded TargetPlatform 'Lumin'
[2020.04.28-08.55.24:007][  0]LogTargetPlatformManager: Display: Loaded TargetPlatform 'LuminClient'
[2020.04.28-08.55.24:018][  0]LogTargetPlatformManager: Display: Loaded TargetPlatform 'TVOSClient'
[2020.04.28-08.55.24:018][  0]LogTargetPlatformManager: Display: Loaded TargetPlatform 'TVOS'
[2020.04.28-08.55.24:026][  0]LogTargetPlatformManager: Display: Loaded TargetPlatform 'WindowsNoEditor'
[2020.04.28-08.55.24:032][  0]LogTargetPlatformManager: Display: Loaded TargetPlatform 'Windows'
[2020.04.28-08.55.24:038][  0]LogTargetPlatformManager: Display: Loaded TargetPlatform 'WindowsClient'
[2020.04.28-08.55.24:044][  0]LogTargetPlatformManager: Display: Loaded TargetPlatform 'WindowsServer'
[2020.04.28-08.55.24:044][  0]LogTargetPlatformManager: Display: Building Assets For Windows
[2020.04.28-08.55.24:046][  0]LogAudioDebug: Display: Lib vorbis DLL was dynamically loaded.
[2020.04.28-08.55.24:065][  0]LogShaderCompilers: Guid format shader working directory is -17 characters bigger than the processId version (../../../../../../Users/User/Documents/GitHub/UnrealProjectVGL/Intermediate/Shaders/WorkingDirectory/8060/).
[2020.04.28-08.55.24:065][  0]LogShaderCompilers: Cleaned the shader compiler working directory 'C:/Users/User/AppData/Local/Temp/UnrealShaderWorkingDir/FB1884E443553F3543BC188D8B827558/'.
[2020.04.28-08.55.24:066][  0]LogXGEController: Cleaning working directory: C:/Users/User/AppData/Local/Temp/UnrealXGEWorkingDir/
[2020.04.28-08.55.24:066][  0]LogXGEController: Cannot use XGE Controller as Incredibuild is not installed on this machine.
[2020.04.28-08.55.24:066][  0]LogShaderCompilers: Cannot use XGE Shader Compiler as Incredibuild is not installed on this machine.
[2020.04.28-08.55.24:066][  0]LogShaderCompilers: Display: Using Local Shader Compiler.
[2020.04.28-08.55.24:672][  0]LogDerivedDataCache: Display: Max Cache Size: 512 MB
[2020.04.28-08.55.24:720][  0]LogDerivedDataCache: Loaded boot cache 0.05s 79MB C:/Users/User/AppData/Local/UnrealEngine/4.24/DerivedDataCache/Boot.ddc.
[2020.04.28-08.55.24:720][  0]LogDerivedDataCache: Display: Loaded Boot cache: C:/Users/User/AppData/Local/UnrealEngine/4.24/DerivedDataCache/Boot.ddc
[2020.04.28-08.55.24:720][  0]LogDerivedDataCache: FDerivedDataBackendGraph:  Pak pak cache file ../../../../../../Users/User/Documents/GitHub/UnrealProjectVGL/DerivedDataCache/DDC.ddp not found, will not use a pak cache.
[2020.04.28-08.55.24:720][  0]LogDerivedDataCache: Unable to find inner node Pak for hierarchical cache Hierarchy.
[2020.04.28-08.55.24:720][  0]LogDerivedDataCache: FDerivedDataBackendGraph:  CompressedPak pak cache file ../../../../../../Users/User/Documents/GitHub/UnrealProjectVGL/DerivedDataCache/Compressed.ddp not found, will not use a pak cache.
[2020.04.28-08.55.24:720][  0]LogDerivedDataCache: Unable to find inner node CompressedPak for hierarchical cache Hierarchy.
[2020.04.28-08.55.24:729][  0]LogDerivedDataCache: Display: Pak cache opened for reading ../../../Engine/DerivedDataCache/Compressed.ddp.
[2020.04.28-08.55.24:729][  0]LogDerivedDataCache: FDerivedDataBackendGraph:  EnterprisePak pak cache file ../../../Enterprise/DerivedDataCache/Compressed.ddp not found, will not use a pak cache.
[2020.04.28-08.55.24:729][  0]LogDerivedDataCache: Unable to find inner node EnterprisePak for hierarchical cache Hierarchy.
[2020.04.28-08.55.24:731][  0]LogDerivedDataCache: Using Local data cache path C:/Users/User/AppData/Local/UnrealEngine/Common/DerivedDataCache: Writable
[2020.04.28-08.55.24:731][  0]LogDerivedDataCache: Shared data cache path not found in *engine.ini, will not use an Shared cache.
[2020.04.28-08.55.24:731][  0]LogDerivedDataCache: Unable to find inner node Shared for hierarchical cache Hierarchy.
[2020.04.28-08.55.24:754][  0]LogMaterial: Verifying Global Shaders for PCD3D_SM5
[2020.04.28-08.55.24:757][  0]LogSlate: Using FreeType 2.10.0
[2020.04.28-08.55.24:757][  0]LogSlate: SlateFontServices - WITH_FREETYPE: 1, WITH_HARFBUZZ: 1
[2020.04.28-08.55.24:803][  0]LogAssetRegistry: FAssetRegistry took 0.0022 seconds to start up
[2020.04.28-08.55.25:056][  0]LogInit: Selected Device Profile: [Windows]
[2020.04.28-08.55.25:185][  0]LogMeshReduction: Using QuadricMeshReduction for automatic static mesh reduction
[2020.04.28-08.55.25:185][  0]LogMeshReduction: Using SimplygonMeshReduction for automatic skeletal mesh reduction
[2020.04.28-08.55.25:185][  0]LogMeshReduction: Using ProxyLODMeshReduction for automatic mesh merging
[2020.04.28-08.55.25:185][  0]LogMeshReduction: No distributed automatic mesh merging module available
[2020.04.28-08.55.25:185][  0]LogMeshMerging: No distributed automatic mesh merging module available
[2020.04.28-08.55.25:206][  0]LogNetVersion: Linne_Afry_SBK 1.0.0, NetCL: 10570792, EngineNetVer: 13, GameNetVer: 0 (Checksum: 2725821000)
[2020.04.28-08.55.26:071][  0]LogPackageLocalizationCache: Processed 12 localized package path(s) for 1 prioritized culture(s) in 0.042618 seconds
[2020.04.28-08.55.26:078][  0]LogUObjectArray: 47377 objects as part of root set at end of initial load.
[2020.04.28-08.55.26:078][  0]LogUObjectAllocator: 8253272 out of 0 bytes used by permanent object pool.
[2020.04.28-08.55.26:078][  0]LogUObjectArray: CloseDisregardForGC: 0/0 objects in disregard for GC pool
[2020.04.28-08.55.26:405][  0]LogTcpMessaging: Initializing TcpMessaging bridge
[2020.04.28-08.55.26:407][  0]LogUdpMessaging: Initializing bridge on interface 0.0.0.0:0 to multicast group 230.0.0.1:6666.
[2020.04.28-08.55.26:470][  0]SourceControl: Source control is disabled
[2020.04.28-08.55.26:470][  0]SourceControl: Source control is disabled
[2020.04.28-08.55.26:471][  0]SourceControl: Source control is disabled
[2020.04.28-08.55.26:472][  0]SourceControl: Source control is disabled
[2020.04.28-08.55.26:472][  0]SourceControl: Source control is disabled
[2020.04.28-08.55.26:476][  0]LogVSAccessor: Display: Unable to create Visual Studio setup instance: 80040154
[2020.04.28-08.55.26:477][  0]LogVSAccessor: Display: Unable to create Visual Studio setup instance: 80040154
[2020.04.28-08.55.26:537][  0]LogAndroidPermission: UAndroidPermissionCallbackProxy::GetInstance
[2020.04.28-08.55.26:546][  0]LogAudioCaptureCore: Display: No Audio Capture implementations found. Audio input will be silent.
[2020.04.28-08.55.26:546][  0]LogAudioCaptureCore: Display: No Audio Capture implementations found. Audio input will be silent.
[2020.04.28-08.55.26:618][  0]LogOcInput: OculusInput pre-init called
[2020.04.28-08.55.26:624][  0]LogWindows: Failed to load 'OVRPlugin.dll' (GetLastError=126)
[2020.04.28-08.55.26:624][  0]LogWindows: File 'OVRPlugin.dll' does not exist
[2020.04.28-08.55.26:680][  0]LogEngine: Initializing Engine...
[2020.04.28-08.55.26:681][  0]LogHoloLensAR: HoloLens AR system has been initialized
[2020.04.28-08.55.26:681][  0]LogStats: UGameplayTagsManager::InitializeManager -  0.000 s
[2020.04.28-08.55.26:963][  0]LogInit: Initializing FReadOnlyCVARCache
[2020.04.28-08.55.26:968][  0]LogAIModule: Creating AISystem for world Untitled
[2020.04.28-08.55.26:984][  0]LogAudioMixer: Display: Audio Mixer Platform Settings:
[2020.04.28-08.55.26:984][  0]LogAudioMixer: Display: 	Sample Rate:						  48000
[2020.04.28-08.55.26:984][  0]LogAudioMixer: Display: 	Callback Buffer Frame Size Requested: 1024
[2020.04.28-08.55.26:984][  0]LogAudioMixer: Display: 	Callback Buffer Frame Size To Use:	  1024
[2020.04.28-08.55.26:984][  0]LogAudioMixer: Display: 	Number of buffers to queue:			  2
[2020.04.28-08.55.26:984][  0]LogAudioMixer: Display: 	Max Channels (voices):				  32
[2020.04.28-08.55.26:984][  0]LogAudioMixer: Display: 	Number of Async Source Workers:		  0
[2020.04.28-08.55.26:984][  0]LogAudio: Display: AudioDevice MaxSources: 32
[2020.04.28-08.55.26:985][  0]LogAudio: Display: Using built-in audio occlusion.
[2020.04.28-08.55.26:985][  0]LogAudioMixer: Display: Initializing audio mixer.
[2020.04.28-08.55.27:004][  0]LogAudioMixer: Display: Audio Device Output Speaker Info:
[2020.04.28-08.55.27:004][  0]LogAudioMixer: Display: Name: Speakers (Realtek(R) Audio)
[2020.04.28-08.55.27:004][  0]LogAudioMixer: Display: Is Default: Yes
[2020.04.28-08.55.27:004][  0]LogAudioMixer: Display: Sample Rate: 48000
[2020.04.28-08.55.27:004][  0]LogAudioMixer: Display: Channel Count Used: 2
[2020.04.28-08.55.27:004][  0]LogAudioMixer: Display: Device Channel Count: 2
[2020.04.28-08.55.27:004][  0]LogAudioMixer: Display: Channel Order:
[2020.04.28-08.55.27:004][  0]LogAudioMixer: Display: 0: FrontLeft
[2020.04.28-08.55.27:005][  0]LogAudioMixer: Display: 1: FrontRight
[2020.04.28-08.55.27:663][  0]LogAudioMixer: Display: Using Audio Device Speakers (Realtek(R) Audio)
[2020.04.28-08.55.27:667][  0]LogInit: FAudioDevice initialized.
[2020.04.28-08.55.27:667][  0]LogNetVersion: Set ProjectVersion to 1.0.0.0. Version Checksum will be recalculated on next use.
[2020.04.28-08.55.27:715][  0]LogDerivedDataCache: Saved boot cache 0.05s 79MB C:/Users/User/AppData/Local/UnrealEngine/4.24/DerivedDataCache/Boot.ddc.
[2020.04.28-08.55.27:721][  0]LogInit: Texture streaming: Enabled
[2020.04.28-08.55.27:729][  0]LogEngineSessionManager: EngineSessionManager initialized
[2020.04.28-08.55.27:729][  0]LogEditorSessionSummary: Verbose: Initializing EditorSessionSummaryWriter for editor session tracking
[2020.04.28-08.55.27:730][  0]LogEditorSessionSummary: EditorSessionSummaryWriter initialized
[2020.04.28-08.55.27:782][  0]LogInit: Transaction tracking system initialized
[2020.04.28-08.55.27:790][  0]BlueprintLog: New page: Editor Load
[2020.04.28-08.55.27:812][  0]LocalizationService: Localization service is disabled
[2020.04.28-08.55.27:887][  0]LogVSAccessor: Display: Unable to create Visual Studio setup instance: 80040154
[2020.04.28-08.55.27:887][  0]LogVSAccessor: Display: Unable to create Visual Studio setup instance: 80040154
[2020.04.28-08.55.28:079][  0]LogFileCache: Scanning file cache for directory 'C:/Users/User/Documents/GitHub/UnrealProjectVGL/Content/' took 0.01s
[2020.04.28-08.55.28:079][  0]LogCook: Display: Max memory allowance for cook 16384mb min free memory 0mb
[2020.04.28-08.55.28:079][  0]LogCook: Display: Mobile HDR setting 1
[2020.04.28-08.55.28:667][  0]SourceControl: Source control is disabled
[2020.04.28-08.55.28:668][  0]Cmd: MAP LOAD FILE="../../../../../../Users/User/Documents/GitHub/UnrealProjectVGL/Content/ACreatedContentLinne/Linne_VR.umap" TEMPLATE=0 SHOWPROGRESS=1 FEATURELEVEL=3
[2020.04.28-08.55.28:668][  0]LightingResults: New page: Lighting Build
[2020.04.28-08.55.28:668][  0]LogWorld: UWorld::CleanupWorld for Untitled, bSessionEnded=true, bCleanupResources=true
[2020.04.28-08.55.28:668][  0]LogSlate: InvalidateAllWidgets triggered.  All widgets were invalidated
[2020.04.28-08.55.28:669][  0]MapCheck: New page: Map Check
[2020.04.28-08.55.28:669][  0]LightingResults: New page: Lighting Build
[2020.04.28-08.55.28:691][  0]LogUObjectHash: Compacting FUObjectHashTables data took   1.79ms
[2020.04.28-08.55.28:744][  0]LogBlueprint: Error: [Compiler RightHand_AnimBP] Can't connect pins  Object  and  Return Value : This cast has an invalid target type (was the class deleted without a redirect?).
[2020.04.28-08.55.28:745][  0]LogBlueprint: Error: [Compiler RightHand_AnimBP] In use pin  As BP Motion Controller  no longer exists on node  Bad cast node . Please refresh node or break links to remove pin.
[2020.04.28-08.55.28:745][  0]LogBlueprint: Error: [Compiler RightHand_AnimBP] Can't connect pins  Return Value  and  Object : This cast has an invalid target type (was the class deleted without a redirect?).
[2020.04.28-08.55.28:745][  0]LogBlueprint: Warning: [Compiler RightHand_AnimBP] Could not find a variable named "Hand" in 'RightHand_AnimBP'.
Make sure 'RightHand_AnimBP' has been compiled for  Get Hand
[2020.04.28-08.55.28:745][  0]LogBlueprint: Error: [Compiler RightHand_AnimBP] Can't connect pins  Object  and  Return Value : This cast has an invalid target type (was the class deleted without a redirect?).
[2020.04.28-08.55.28:745][  0]LogBlueprint: Error: [Compiler RightHand_AnimBP] In use pin  As BP Motion Controller  no longer exists on node  Bad cast node . Please refresh node or break links to remove pin.
[2020.04.28-08.55.28:746][  0]LogBlueprint: Error: [Compiler RightHand_AnimBP] Can't connect pins  Return Value  and  Object : This cast has an invalid target type (was the class deleted without a redirect?).
[2020.04.28-08.55.28:746][  0]LogBlueprint: Warning: [Compiler RightHand_AnimBP] Could not find a variable named "Hand" in 'RightHand_AnimBP'.
Make sure 'RightHand_AnimBP' has been compiled for  Get Hand
[2020.04.28-08.55.28:746][  0]LogBlueprint: Error: [Compiler RightHand_AnimBP] The property associated with  Hand  could not be found in '/Game/ContentPack/VirtualReality/Mannequin/Animations/RightHand_AnimBP.RightHand_AnimBP_C'
[2020.04.28-08.55.30:074][  0]LogAIModule: Creating AISystem for world Linne_VR
[2020.04.28-08.55.30:089][  0]LogEditorServer: Finished looking for orphan Actors (0.000 secs)
[2020.04.28-08.55.30:116][  0]LogUObjectHash: Compacting FUObjectHashTables data took   2.22ms
[2020.04.28-08.55.30:116][  0]Cmd: MAP CHECKDEP NOCLEARLOG
[2020.04.28-08.55.30:116][  0]MapCheck: Map check complete: 0 Error(s), 0 Warning(s), took 0,116ms to complete.
[2020.04.28-08.55.30:116][  0]LogFileHelpers: Loading map 'Linne_VR' took 1.449
[2020.04.28-08.55.30:230][  0]LogCollectionManager: Loaded 0 collections in 0.001592 seconds
[2020.04.28-08.55.30:241][  0]LogFileCache: Scanning file cache for directory 'C:/Users/User/Documents/GitHub/UnrealProjectVGL/Saved/Collections/' took 0.00s
[2020.04.28-08.55.30:241][  0]LogFileCache: Scanning file cache for directory 'C:/Users/User/Documents/GitHub/UnrealProjectVGL/Content/Developers/User/Collections/' took 0.00s
[2020.04.28-08.55.30:241][  0]LogFileCache: Scanning file cache for directory 'C:/Users/User/Documents/GitHub/UnrealProjectVGL/Content/Collections/' took 0.00s
[2020.04.28-08.55.30:241][  0]LogContentBrowser: Native class hierarchy populated in 0.0069 seconds. Added 3096 classes and 767 folders.
[2020.04.28-08.55.30:244][  0]LogContentBrowser: Native class hierarchy updated for 'WidgetCarousel' in 0.0002 seconds. Added 0 classes and 0 folders.
[2020.04.28-08.55.30:284][  0]LogContentBrowser: Native class hierarchy updated for 'AddContentDialog' in 0.0002 seconds. Added 0 classes and 0 folders.
[2020.04.28-08.55.30:297][  0]LogSlate: Updating window title bar state: overlay mode, drag disabled, window buttons hidden, title bar hidden
[2020.04.28-08.55.30:303][  0]LogSlate: Updating window title bar state: overlay mode, drag disabled, window buttons hidden, title bar hidden
[2020.04.28-08.55.30:309][  0]LogSlate: Updating window title bar state: overlay mode, drag disabled, window buttons hidden, title bar hidden
[2020.04.28-08.55.30:315][  0]LogSlate: Updating window title bar state: overlay mode, drag disabled, window buttons hidden, title bar hidden
[2020.04.28-08.55.30:318][  0]LogContentBrowser: Native class hierarchy updated for 'SceneOutliner' in 0.0002 seconds. Added 2 classes and 3 folders.
[2020.04.28-08.55.30:410][  0]LogSlate: Took 0.000135 seconds to synchronously load lazily loaded font '../../../Engine/Content/Slate/Fonts/Roboto-Regular.ttf' (155K)
[2020.04.28-08.55.30:413][  0]LogSlate: Took 0.000210 seconds to synchronously load lazily loaded font '../../../Engine/Content/Slate/Fonts/Roboto-Bold.ttf' (160K)
[2020.04.28-08.55.30:414][  0]LogSlate: Took 0.000111 seconds to synchronously load lazily loaded font '../../../Engine/Content/Editor/Slate/Fonts/FontAwesome.ttf' (139K)
[2020.04.28-08.55.30:430][  0]LogSlate: Took 0.000108 seconds to synchronously load lazily loaded font '../../../Engine/Content/Slate/Fonts/Roboto-Light.ttf' (167K)
[2020.04.28-08.55.30:488][  0]LogRenderer: Reallocating scene render targets to support 700x704 Format 10 NumSamples 1 (Frame:1).
[2020.04.28-08.55.30:583][  0]LogContentBrowser: Native class hierarchy updated for 'HierarchicalLODOutliner' in 0.0002 seconds. Added 0 classes and 0 folders.
[2020.04.28-08.55.30:583][  0]LogLoad: (Engine Initialization) Total time: 8.76 seconds
[2020.04.28-08.55.30:583][  0]LogLoad: (Engine Initialization) Total Blueprint compile time: 0.00 seconds
[2020.04.28-08.55.30:685][  0]LogContentStreaming: Texture pool size now 1000 MB
[2020.04.28-08.55.34:563][452]LogAssetRegistry: Asset discovery search completed in 9.7610 seconds
[2020.04.28-08.55.34:566][452]LogCollectionManager: Fixed up redirectors for 0 collections in 0.000007 seconds (updated 0 objects)
[2020.04.28-08.56.49:504][816]LogEditorViewport: Clicking on Actor (LMB): BP_Sky_Sphere_C (SkySphereBlueprint)
[2020.04.28-08.56.58:581][888]LogUObjectHash: Compacting FUObjectHashTables data took   0.74ms
[2020.04.28-08.56.58:730][888]LogSavePackage: Moving '../../../../../../Users/User/Documents/GitHub/UnrealProjectVGL/Saved/Linne_VR3A7ACB964212AFE534F8CF9717F8A644.tmp' to '../../../../../../Users/User/Documents/GitHub/UnrealProjectVGL/Content/ACreatedContentLinne/Linne_VR.umap'
[2020.04.28-08.56.58:811][888]LogSavePackage: Moving '../../../../../../Users/User/Documents/GitHub/UnrealProjectVGL/Saved/Linne_VR_BuiltDataB568F94943CF5B8998088DAD1CA3D995.tmp' to '../../../../../../Users/User/Documents/GitHub/UnrealProjectVGL/Content/ACreatedContentLinne/Linne_VR_BuiltData.uasset'
[2020.04.28-08.56.58:825][888]AssetCheck: New page: Asset Save: multiple assets
[2020.04.28-08.56.58:825][888]LogContentValidation: Display: Validating World /Game/ACreatedContentLinne/Linne_VR.Linne_VR
[2020.04.28-08.56.58:825][888]LogContentValidation: Display: Validating MapBuildDataRegistry /Game/ACreatedContentLinne/Linne_VR_BuiltData.Linne_VR_BuiltData
